"../../../MyProject4_FixA/Content/Font1.uasset" 0
"../../../Engine/Content/EditorBlueprintResources/StandardMacros.uasset" 1
"../../../MyProject4_FixA/Content/Blueprints/Optimisation_ZOne.uasset" 2
"../../../MyProject4_FixA/Content/Blueprints/Characters/Monsters/Monster_1/model_BlackAndWhite_01_Skeleton.uasset" 3
"../../../MyProject4_FixA/Content/Blueprints/Characters/Monsters/Monster_1/BlackAndWhite_Animation_Once_Lean_Forward_01.uasset" 4
"../../../MyProject4_FixA/Content/Blueprints/Characters/Monsters/Monster_1/BlackAndWhite_Once_Lean_Forward_01X.uasset" 5
"../../../MyProject4_FixA/Content/Blueprints/Characters/Monsters/Monster_1/model_BlackAndWhite_walk_01.uasset" 6
"../../../MyProject4_FixA/Content/Blueprints/Characters/Monsters/Monster_1/model_BlackAndWhite_01_Skeleton_Montage_Walk_01.uasset" 7
"../../../MyProject4_FixA/Content/Textures/Carpet2_Normal.uasset" 8
"../../../MyProject4_FixA/Content/Textures/Carpet3.uasset" 9
"../../../MyProject4_FixA/Content/Materials/Carpet3.uasset" 10
"../../../MyProject4_FixA/Content/Materials/Carpet3_Inst3.uasset" 11
"../../../MyProject4_FixA/Content/Textures/Chess_Tile_03.uasset" 12
"../../../MyProject4_FixA/Content/Textures/Chess_Tile_NormalMap.uasset" 13
"../../../MyProject4_FixA/Content/Materials/Chess_Tile_03.uasset" 14
"../../../MyProject4_FixA/Content/Materials/Chess_Tile_03_Inst.uasset" 15
"../../../MyProject4_FixA/Content/Textures/Wood4_LightBrown.uasset" 16
"../../../MyProject4_FixA/Content/Textures/Wood4_Normal.uasset" 17
"../../../MyProject4_FixA/Content/Materials/Wood4_LightBrown.uasset" 18
"../../../MyProject4_FixA/Content/Materials/Wood4_LightBrown_Inst.uasset" 19
"../../../MyProject4_FixA/Content/Textures/Wood_Pane_Normal.uasset" 20
"../../../MyProject4_FixA/Content/Textures/Wood_Pane_Red.uasset" 21
"../../../MyProject4_FixA/Content/Materials/Wood_Pane_Red.uasset" 22
"../../../MyProject4_FixA/Content/Materials/Wood_Pane_Red_Inst2.uasset" 23
"../../../MyProject4_FixA/Content/Objects/Furniture/White.uasset" 24
"../../../MyProject4_FixA/Content/Objects/Furniture/Mattress_02.uasset" 25
"../../../MyProject4_FixA/Content/Blueprints/Furniture/Mattress_01.uasset" 26
"../../../MyProject4_FixA/Content/Blueprints/Light/Roof_Lamp_01.uasset" 27
"../../../Engine/Content/EngineMeshes/Humanoid.uasset" 28
"../../../MyProject4_FixA/Content/FirstPersonBP/Character/FirstPerson_Skeleton.uasset" 29
"../../../MyProject4_FixA/Content/FirstPersonBP/Animations/FirstPerson_Idle.uasset" 30
"../../../MyProject4_FixA/Content/FirstPersonBP/Animations/FirstPerson_Fire.uasset" 31
"../../../MyProject4_FixA/Content/FirstPersonBP/Animations/FirstPerson_Fire_Montage.uasset" 32
"../../../MyProject4_FixA/Content/FirstPersonBP/Audio/FirstPerson_WeaponFire.uasset" 33
"../../../Engine/Content/EditorBlueprintResources/ActorMacros.uasset" 34
"../../../MyProject4_FixA/Content/Blueprints/AllLevels/PlayerInfo.uasset" 35
"../../../MyProject4_FixA/Content/Blueprints/AllLevels/VersionInfo.uasset" 36
"../../../MyProject4_FixA/Content/Blueprints/AllLevels/PlayerSaveGame.uasset" 37
"../../../Engine/Content/EngineFonts/Faces/RobotoBold.uasset" 38
"../../../Engine/Content/EngineFonts/Faces/RobotoBoldItalic.uasset" 39
"../../../Engine/Content/EngineFonts/Faces/RobotoItalic.uasset" 40
"../../../Engine/Content/EngineFonts/Faces/RobotoLight.uasset" 41
"../../../Engine/Content/EngineFonts/Faces/RobotoRegular.uasset" 42
"../../../Engine/Content/EngineFonts/Roboto.uasset" 43
"../../../MyProject4_FixA/Content/Textures/Wood1_Blue.uasset" 44
"../../../MyProject4_FixA/Content/Textures/Wood1_Cyan.uasset" 45
"../../../MyProject4_FixA/Content/Textures/Wood1_Light.uasset" 46
"../../../MyProject4_FixA/Content/Textures/Wood1_LightGreen.uasset" 47
"../../../MyProject4_FixA/Content/Textures/Wood1_Lime.uasset" 48
"../../../MyProject4_FixA/Content/Textures/Wood1_Pink.uasset" 49
"../../../MyProject4_FixA/Content/Textures/Wood1_Purple.uasset" 50
"../../../MyProject4_FixA/Content/Textures/Wood1_Red.uasset" 51
"../../../MyProject4_FixA/Content/Textures/Wood1_Sepia.uasset" 52
"../../../MyProject4_FixA/Content/Textures/Wood1_SepiaBlue.uasset" 53
"../../../MyProject4_FixA/Content/Textures/Wood1_Yellow.uasset" 54
"../../../MyProject4_FixA/Content/UI/MainMenu/PlayerProfileMenu.uasset" 55
"../../../MyProject4_FixA/Content/UI/AllLevels/LoadingScreen.uasset" 56
"../../../MyProject4_FixA/Content/UI/MainMenu/ErrorDialog.uasset" 57
"../../../MyProject4_FixA/Content/UI/MainMenu/HostMenu.uasset" 58
"../../../MyProject4_FixA/Content/UI/MainMenu/MainMenu.uasset" 59
"../../../MyProject4_FixA/Content/UI/MainMenu/ServerMenu.uasset" 60
"../../../Engine/Content/Functions/Engine_MaterialFunctions02/SplitComponents.uasset" 61
"../../../Engine/Content/Functions/Engine_MaterialFunctions02/Utility/VectorLength.uasset" 62
"../../../MyProject4_FixA/Content/Materials/MF_ConvolveTexture.uasset" 63
"../../../MyProject4_FixA/Content/Materials/MF_ExtractDepth.uasset" 64
"../../../MyProject4_FixA/Content/Materials/MF_SampleSceneTextureNeighbourUVs.uasset" 65
"../../../MyProject4_FixA/Content/Materials/PP_Outliner_M.uasset" 66
"../../../MyProject4_FixA/Content/Materials/PP_Outliner_Inst.uasset" 67
"../../../MyProject4_FixA/Content/Blueprints/MainMenu/0_Passive.uasset" 68
"../../../MyProject4_FixA/Content/UI/MainMenu/HUD_Menu_01.uasset" 69
"../../../MyProject4_FixA/Content/Blueprints/MainMenu/MainMenuPC.uasset" 70
"../../../MyProject4_FixA/Content/Music/Ambience_01.uasset" 71
"../../../MyProject4_FixA/Content/Blueprints/MainMenu/MainMenuGM.uasset" 72
"../../../MyProject4_FixA/Content/UI/MainMenu/SettingsMenu.uasset" 73
"../../../MyProject4_FixA/Content/Blueprints/AllLevels/GameInfoInstance.uasset" 74
"../../../MyProject4_FixA/Content/Objects/Blue.uasset" 75
"../../../MyProject4_FixA/Content/Blueprints/Characters/Buddies/Character_1.uasset" 76
"../../../MyProject4_FixA/Content/Textures/Level2.uasset" 77
"../../../MyProject4_FixA/Content/Blueprints/AllLevels/PlayerPreparedSaveGame.uasset" 78
"../../../MyProject4_FixA/Content/Blueprints/Characters/Monsters/Monster_1/BlackAndWhite_Animation_Crawl_Backward_01.uasset" 79
"../../../MyProject4_FixA/Content/Blueprints/Characters/Monsters/Monster_1/BlackAndWhite_Crawl_Backward_01X.uasset" 80
"../../../MyProject4_FixA/Content/Blueprints/Characters/Monsters/Monster_1/BlackAndWhite_Animation_Crawl_Forward_01.uasset" 81
"../../../MyProject4_FixA/Content/Blueprints/Characters/Monsters/Monster_1/BlackAndWhite_Crawl_Forward_01X.uasset" 82
"../../../MyProject4_FixA/Content/Blueprints/Characters/Monsters/Monster_1/BlackAndWhite_Animation_Crawl_Idle_01.uasset" 83
"../../../MyProject4_FixA/Content/Blueprints/Characters/Monsters/Monster_1/BlackAndWhite_Crawl_Idle_01X.uasset" 84
"../../../MyProject4_FixA/Content/Blueprints/Characters/Monsters/Monster_1/BlackAndWhite_Animation_Crawl_Left_01.uasset" 85
"../../../MyProject4_FixA/Content/Blueprints/Characters/Monsters/Monster_1/BlackAndWhite_Crawl_Left_01X.uasset" 86
"../../../MyProject4_FixA/Content/Blueprints/Characters/Monsters/Monster_1/BlackAndWhite_Animation_Crawl_Right_01.uasset" 87
"../../../MyProject4_FixA/Content/Blueprints/Characters/Monsters/Monster_1/BlackAndWhite_Crawl_Right_01X.uasset" 88
"../../../MyProject4_FixA/Content/Blueprints/Characters/Monsters/Monster_1/BlackAndWhite_Animation_Idle_03.uasset" 89
"../../../MyProject4_FixA/Content/Blueprints/Characters/Monsters/Monster_1/model_BlackAndWhite_idle_01.uasset" 90
"../../../MyProject4_FixA/Content/Blueprints/Characters/Monsters/Monster_1/BlackAndWhite_Idle_01X.uasset" 91
"../../../MyProject4_FixA/Content/Blueprints/Characters/Monsters/Monster_1/BlackAndWhite_Animation_Run_03.uasset" 92
"../../../MyProject4_FixA/Content/Blueprints/Characters/Monsters/Monster_1/BlackAndWhite_Run_01X.uasset" 93
"../../../MyProject4_FixA/Content/Blueprints/Characters/Monsters/Monster_1/BlackAndWhite_Animation_Walk_02.uasset" 94
"../../../MyProject4_FixA/Content/Blueprints/Characters/Monsters/Monster_1/BlackAndWhite_Walk_01X.uasset" 95
"../../../MyProject4_FixA/Content/Blueprints/Characters/Monsters/Monster_1/BlackAndWhite_Animation_Walk_Backward_01.uasset" 96
"../../../MyProject4_FixA/Content/Blueprints/Characters/Monsters/Monster_1/BlackAndWhite_Walk_Backward_01X.uasset" 97
"../../../MyProject4_FixA/Content/Blueprints/Characters/Monsters/Monster_1/BlackAndWhite_Animation_Walk_Left_01.uasset" 98
"../../../MyProject4_FixA/Content/Blueprints/Characters/Monsters/Monster_1/BlackAndWhite_Walk_Left_01X.uasset" 99
"../../../MyProject4_FixA/Content/Blueprints/Characters/Monsters/Monster_1/BlackAndWhite_Animation_Walk_Right_01.uasset" 100
"../../../MyProject4_FixA/Content/Blueprints/Characters/Monsters/Monster_1/BlackAndWhite_Walk_Right_01X.uasset" 101
"../../../MyProject4_FixA/Content/Blueprints/Characters/Monsters/Monster_1/model_BlackAndWhite_run_01.uasset" 102
"../../../Engine/Content/BasicShapes/BasicShapeMaterial.uasset" 103
"../../../Engine/Content/Functions/Engine_MaterialFunctions01/Opacity/CameraDepthFade.uasset" 104
"../../../Engine/Content/EngineMaterials/T_Default_Material_Grid_M.uasset" 105
"../../../Engine/Content/EngineMaterials/T_Default_Material_Grid_N.uasset" 106
"../../../Engine/Content/EngineMaterials/DefaultMaterial.uasset" 107
"../../../Engine/Content/BasicShapes/Sphere.uasset" 108
"../../../MyProject4_FixA/Content/Blueprints/Characters/Monsters/Monster_1/Monster1_Probe/1_Monster_Probe.uasset" 109
"../../../MyProject4_FixA/Content/Blueprints/Characters/Monsters/Monster_1/Model_Diffuse_Color_BLACKWHITE_01.uasset" 110
"../../../MyProject4_FixA/Content/Blueprints/Characters/Monsters/Monster_1/Model_Diffuse_Color_BLACKWHITE_Normal_01.uasset" 111
"../../../MyProject4_FixA/Content/Blueprints/Characters/Monsters/Monster_1/Material.uasset" 112
"../../../MyProject4_FixA/Content/Blueprints/Characters/Monsters/Monster_1/model_BlackAndWhite_01_PhysicsAsset.uasset" 113
"../../../MyProject4_FixA/Content/Blueprints/Characters/Monsters/Monster_1/model_BlackAndWhite_01.uasset" 114
"../../../MyProject4_FixA/Content/Blueprints/Characters/Monsters/Monster_1/1_Monster.uasset" 115
"../../../MyProject4_FixA/Content/Blueprints/Characters/Spectator/InGame_Spectator_01.uasset" 116
"../../../MyProject4_FixA/Content/UI/AllLevels/HUD_AllLevels_01.uasset" 117
"../../../MyProject4_FixA/Content/Blueprints/Gameplay/GameplayGM.uasset" 118
"../../../MyProject4_FixA/Content/Materials/Red.uasset" 119
"../../../MyProject4_FixA/Content/Blueprints/Characters/Buddies/Character_2.uasset" 120
"../../../MyProject4_FixA/Content/Materials/Green.uasset" 121
"../../../MyProject4_FixA/Content/Blueprints/Characters/Buddies/Character_3.uasset" 122
"../../../MyProject4_FixA/Content/Materials/Yellow.uasset" 123
"../../../MyProject4_FixA/Content/Blueprints/Characters/Buddies/Character_4.uasset" 124
"../../../MyProject4_FixA/Content/Materials/Cyan.uasset" 125
"../../../MyProject4_FixA/Content/Blueprints/Characters/Buddies/Character_5.uasset" 126
"../../../MyProject4_FixA/Content/Materials/Orange.uasset" 127
"../../../MyProject4_FixA/Content/Blueprints/Characters/Buddies/Character_6.uasset" 128
"../../../MyProject4_FixA/Content/Materials/Pink.uasset" 129
"../../../MyProject4_FixA/Content/Blueprints/Characters/Buddies/Character_7.uasset" 130
"../../../MyProject4_FixA/Content/Materials/Purple.uasset" 131
"../../../MyProject4_FixA/Content/Blueprints/Characters/Buddies/Character_8.uasset" 132
"../../../MyProject4_FixA/Content/UI/Lobby/HUD_Lobby_01.uasset" 133
"../../../MyProject4_FixA/Content/Sprites/Character_1.uasset" 134
"../../../MyProject4_FixA/Content/Sprites/Character_2.uasset" 135
"../../../MyProject4_FixA/Content/Sprites/Character_3.uasset" 136
"../../../MyProject4_FixA/Content/Sprites/Character_4.uasset" 137
"../../../MyProject4_FixA/Content/Sprites/Character_5.uasset" 138
"../../../MyProject4_FixA/Content/Sprites/Character_6.uasset" 139
"../../../MyProject4_FixA/Content/Sprites/Character_7.uasset" 140
"../../../MyProject4_FixA/Content/Sprites/Character_8.uasset" 141
"../../../MyProject4_FixA/Content/UI/Lobby/CharacterSelect.uasset" 142
"../../../MyProject4_FixA/Content/UI/Lobby/ConnectedPlayer.uasset" 143
"../../../MyProject4_FixA/Content/Textures/Level1.uasset" 144
"../../../MyProject4_FixA/Content/Textures/Level3.uasset" 145
"../../../MyProject4_FixA/Content/UI/Lobby/PlayerButton.uasset" 146
"../../../MyProject4_FixA/Content/UI/Lobby/GameSettings.uasset" 147
"../../../MyProject4_FixA/Content/Sprites/Monster_Icon_01.uasset" 148
"../../../MyProject4_FixA/Content/Sprites/Monster_Icon_02.uasset" 149
"../../../MyProject4_FixA/Content/Sprites/Monster_Icon_03.uasset" 150
"../../../MyProject4_FixA/Content/Sprites/Monster_Icon_04.uasset" 151
"../../../MyProject4_FixA/Content/Sprites/Monster_Icon_05.uasset" 152
"../../../MyProject4_FixA/Content/Sprites/Monster_Icon_06.uasset" 153
"../../../MyProject4_FixA/Content/Sprites/Monster_Icon_07.uasset" 154
"../../../MyProject4_FixA/Content/Sprites/Monster_Icon_08.uasset" 155
"../../../MyProject4_FixA/Content/UI/Lobby/MonsterSelect.uasset" 156
"../../../MyProject4_FixA/Content/UI/Lobby/LobbyMenu.uasset" 157
"../../../MyProject4_FixA/Content/Blueprints/Lobby/LobbyGM.uasset" 158
"../../../MyProject4_FixA/Content/UI/Lobby/LobbyHUD_01.uasset" 159
"../../../MyProject4_FixA/Content/Blueprints/Lobby/LobbyPC.uasset" 160
"../../../MyProject4_FixA/Content/UI/AllLevels/ChatText.uasset" 161
"../../../MyProject4_FixA/Content/UI/AllLevels/ChatWindow.uasset" 162
"../../../MyProject4_FixA/Content/UI/AllLevels/GameplayChat.uasset" 163
"../../../MyProject4_FixA/Content/Music/16bit_Time_Passes_By_When_Dark.uasset" 164
"../../../MyProject4_FixA/Content/Sprites/1_Monster_Ability_1.uasset" 165
"../../../MyProject4_FixA/Content/Sprites/1_Monster_Ability_2A.uasset" 166
"../../../MyProject4_FixA/Content/Sprites/1_Monster_Ability_2B.uasset" 167
"../../../MyProject4_FixA/Content/Sprites/1_Monster_Ability_3.uasset" 168
"../../../MyProject4_FixA/Content/Sprites/Ability_Panel_Base.uasset" 169
"../../../MyProject4_FixA/Content/Sprites/Cursor_Circle_01.uasset" 170
"../../../MyProject4_FixA/Content/Sprites/Cursor_Point_01.uasset" 171
"../../../MyProject4_FixA/Content/UI/AllLevels/BuddyLeft.uasset" 172
"../../../MyProject4_FixA/Content/UI/AllLevels/HUD_AllLevel_01.uasset" 173
"../../../MyProject4_FixA/Content/Blueprints/Gameplay/GameplayPC.uasset" 174
"../../../MyProject4_FixA/Content/Textures/DefaultHead_NORMAL_1.uasset" 175
"../../../MyProject4_FixA/Content/Textures/DefaultHead_UV_1.uasset" 176
"../../../MyProject4_FixA/Content/Materials/DefaultFace_1.uasset" 177
"../../../MyProject4_FixA/Content/Materials/White.uasset" 178
"../../../Engine/Content/BasicShapes/Cylinder.uasset" 179
"../../../MyProject4_FixA/Content/Textures/Cursor1.uasset" 180
"../../../MyProject4_FixA/Content/Blueprints/PlayerHUD_BP.uasset" 181
"../../../MyProject4_FixA/Content/Objects/Material.uasset" 182
"../../../MyProject4_FixA/Content/Objects/DefaultHead.uasset" 183
"../../../MyProject4_FixA/Content/Objects/Black.uasset" 184
"../../../MyProject4_FixA/Content/Objects/Flashlight1_StaticMesh.uasset" 185
"../../../MyProject4_FixA/Content/Blueprints/Characters/Others/0_Base.uasset" 186
"../../../MyProject4_FixA/Content/FirstPersonBP/Blueprints/FirstPersonHUD.uasset" 187
"../../../MyProject4_FixA/Content/FirstPersonBP/Blueprints/FirstPersonGameMode.uasset" 188
"../../../Engine/Content/TemplateResources/M_Template_Master.uasset" 189
"../../../Engine/Content/TemplateResources/MI_Template_BaseOrange.uasset" 190
"../../../MyProject4_FixA/Content/FirstPersonBP/Meshes/FirstPerson_ProjectileMesh.uasset" 191
"../../../MyProject4_FixA/Content/FirstPersonBP/Blueprints/FirstPersonProjectile.uasset" 192
"../../../MyProject4_FixA/Content/FirstPersonBP/Animations/FirstPerson_JumpEnd.uasset" 193
"../../../MyProject4_FixA/Content/FirstPersonBP/Animations/FirstPerson_JumpLoop.uasset" 194
"../../../MyProject4_FixA/Content/FirstPersonBP/Animations/FirstPerson_JumpStart.uasset" 195
"../../../MyProject4_FixA/Content/FirstPersonBP/Animations/FirstPerson_Run.uasset" 196
"../../../MyProject4_FixA/Content/FirstPersonBP/Character/FirstPerson_AnimBlueprint.uasset" 197
"../../../MyProject4_FixA/Content/FirstPersonBP/Textures/FirstPersonCrosshair.uasset" 198
"../../../MyProject4_FixA/Content/Textures/BB_Tile_01.uasset" 199
"../../../MyProject4_FixA/Content/Textures/BB_Tile_NormalMap.uasset" 200
"../../../MyProject4_FixA/Content/Materials/BB_Tile_01.uasset" 201
"../../../MyProject4_FixA/Content/Materials/BB_Tile_01_Inst.uasset" 202
"../../../MyProject4_FixA/Content/Textures/Brick1.uasset" 203
"../../../MyProject4_FixA/Content/Textures/Brick1_Normal.uasset" 204
"../../../MyProject4_FixA/Content/Materials/Brick1.uasset" 205
"../../../MyProject4_FixA/Content/Materials/Brick1_Inst3.uasset" 206
"../../../MyProject4_FixA/Content/Textures/Brick_Dark_Brown.uasset" 207
"../../../MyProject4_FixA/Content/Materials/Brick_Dark_Brown.uasset" 208
"../../../MyProject4_FixA/Content/Materials/Brick_Dark_Brown_Inst.uasset" 209
"../../../MyProject4_FixA/Content/Materials/Brick_Dark_Brown_Inst3.uasset" 210
"../../../MyProject4_FixA/Content/Textures/Carpet1.uasset" 211
"../../../MyProject4_FixA/Content/Textures/Carpet1_Normal.uasset" 212
"../../../MyProject4_FixA/Content/Materials/Carpet1.uasset" 213
"../../../MyProject4_FixA/Content/Materials/Carpet1_Inst.uasset" 214
"../../../MyProject4_FixA/Content/Textures/Carpet2.uasset" 215
"../../../MyProject4_FixA/Content/Materials/Carpet2.uasset" 216
"../../../MyProject4_FixA/Content/Materials/Carpet2_Inst2.uasset" 217
"../../../MyProject4_FixA/Content/Textures/Chess_Tile_01.uasset" 218
"../../../MyProject4_FixA/Content/Materials/Chess_Tile_01.uasset" 219
"../../../MyProject4_FixA/Content/Materials/Chess_Tile_01_Inst2.uasset" 220
"../../../MyProject4_FixA/Content/Materials/Chess_Tile_01_Inst3.uasset" 221
"../../../MyProject4_FixA/Content/Materials/Chess_Tile_01_Inst4.uasset" 222
"../../../MyProject4_FixA/Content/Textures/Chess_Tile_06.uasset" 223
"../../../MyProject4_FixA/Content/Materials/Chess_Tile_06.uasset" 224
"../../../MyProject4_FixA/Content/Materials/Chess_Tile_06_Inst.uasset" 225
"../../../MyProject4_FixA/Content/Textures/CircleSymetric_Tile_NormalMap.uasset" 226
"../../../MyProject4_FixA/Content/Textures/CircleSymetric_Tile_Type_01.uasset" 227
"../../../MyProject4_FixA/Content/Materials/CS_Tile_type_01.uasset" 228
"../../../MyProject4_FixA/Content/Materials/CS_Tile_type_01_Inst.uasset" 229
"../../../MyProject4_FixA/Content/Materials/CS_Tile_type_01_Inst2.uasset" 230
"../../../MyProject4_FixA/Content/Materials/CS_Tile_type_01_Inst3.uasset" 231
"../../../MyProject4_FixA/Content/Textures/CircleSymetric_Tile_Type_02.uasset" 232
"../../../MyProject4_FixA/Content/Materials/CS_Tile_type_02.uasset" 233
"../../../MyProject4_FixA/Content/Materials/CS_Tile_type_02_Inst.uasset" 234
"../../../MyProject4_FixA/Content/Materials/CS_Tile_type_02_Inst2.uasset" 235
"../../../MyProject4_FixA/Content/Materials/CS_Tile_type_02_Inst3.uasset" 236
"../../../MyProject4_FixA/Content/Textures/CircleSymetric_Tile_Type_03.uasset" 237
"../../../MyProject4_FixA/Content/Materials/CS_Tile_type_03.uasset" 238
"../../../MyProject4_FixA/Content/Materials/CS_Tile_type_03_Inst.uasset" 239
"../../../MyProject4_FixA/Content/Materials/CS_Tile_type_03_Inst2.uasset" 240
"../../../MyProject4_FixA/Content/Materials/CS_Tile_type_03_Inst3.uasset" 241
"../../../MyProject4_FixA/Content/Materials/CS_Tile_type_03_Inst4.uasset" 242
"../../../MyProject4_FixA/Content/Textures/CircleSymetric_Tile_Type_04.uasset" 243
"../../../MyProject4_FixA/Content/Materials/CS_Tile_type_04.uasset" 244
"../../../MyProject4_FixA/Content/Materials/CS_Tile_type_04_Inst4.uasset" 245
"../../../MyProject4_FixA/Content/Textures/CircleSymetric_Tile_Type_05.uasset" 246
"../../../MyProject4_FixA/Content/Materials/CS_Tile_type_05.uasset" 247
"../../../MyProject4_FixA/Content/Materials/CS_Tile_type_05_Inst.uasset" 248
"../../../MyProject4_FixA/Content/Materials/CS_Tile_type_05_Inst2.uasset" 249
"../../../MyProject4_FixA/Content/Materials/CS_Tile_type_05_Inst3.uasset" 250
"../../../MyProject4_FixA/Content/Textures/CircleSymetric_Tile_Type_06.uasset" 251
"../../../MyProject4_FixA/Content/Materials/CS_Tile_type_06.uasset" 252
"../../../MyProject4_FixA/Content/Materials/CS_Tile_type_06_Inst.uasset" 253
"../../../MyProject4_FixA/Content/Materials/CS_Tile_type_06_Inst2.uasset" 254
"../../../MyProject4_FixA/Content/Materials/CS_Tile_type_06_Inst3.uasset" 255
"../../../MyProject4_FixA/Content/Textures/Grass_01.uasset" 256
"../../../MyProject4_FixA/Content/Textures/Grass_Normal.uasset" 257
"../../../MyProject4_FixA/Content/Materials/Grass1.uasset" 258
"../../../MyProject4_FixA/Content/Textures/Wood2_Normal.uasset" 259
"../../../MyProject4_FixA/Content/Materials/Ground1.uasset" 260
"../../../MyProject4_FixA/Content/Materials/Ground1_Inst.uasset" 261
"../../../MyProject4_FixA/Content/Textures/Marble_Cyan.uasset" 262
"../../../MyProject4_FixA/Content/Textures/Marble_Normal.uasset" 263
"../../../MyProject4_FixA/Content/Materials/Marble_Cyan.uasset" 264
"../../../MyProject4_FixA/Content/Materials/Marble_Cyan_Inst.uasset" 265
"../../../MyProject4_FixA/Content/Textures/Marble_Grey.uasset" 266
"../../../MyProject4_FixA/Content/Materials/Marble_Grey.uasset" 267
"../../../MyProject4_FixA/Content/Materials/Marble_Grey_Inst2.uasset" 268
"../../../MyProject4_FixA/Content/Textures/Marble_White.uasset" 269
"../../../MyProject4_FixA/Content/Materials/Marble_White.uasset" 270
"../../../MyProject4_FixA/Content/Materials/Marble_White_Inst2.uasset" 271
"../../../MyProject4_FixA/Content/Textures/SS_Tile_NormalMap.uasset" 272
"../../../MyProject4_FixA/Content/Textures/SS_Tile_Type_01.uasset" 273
"../../../MyProject4_FixA/Content/Materials/SS_Tile_Type_01.uasset" 274
"../../../MyProject4_FixA/Content/Materials/SS_Tile_Type_01_Inst4.uasset" 275
"../../../MyProject4_FixA/Content/Textures/SS_Tile_Type_02.uasset" 276
"../../../MyProject4_FixA/Content/Materials/SS_Tile_Type_02.uasset" 277
"../../../MyProject4_FixA/Content/Materials/SS_Tile_Type_02_Inst2.uasset" 278
"../../../MyProject4_FixA/Content/Materials/SS_Tile_Type_02_Inst4.uasset" 279
"../../../MyProject4_FixA/Content/Textures/SS_Tile_Type_03.uasset" 280
"../../../MyProject4_FixA/Content/Materials/SS_Tile_Type_03.uasset" 281
"../../../MyProject4_FixA/Content/Materials/SS_Tile_Type_03_Inst.uasset" 282
"../../../MyProject4_FixA/Content/Materials/SS_Tile_Type_03_Inst2.uasset" 283
"../../../MyProject4_FixA/Content/Materials/SS_Tile_Type_03_Inst3.uasset" 284
"../../../MyProject4_FixA/Content/Materials/SS_Tile_Type_03_Inst4.uasset" 285
"../../../MyProject4_FixA/Content/Textures/SS_Tile_Type_05.uasset" 286
"../../../MyProject4_FixA/Content/Materials/SS_Tile_Type_05.uasset" 287
"../../../MyProject4_FixA/Content/Materials/SS_Tile_Type_05_Inst4.uasset" 288
"../../../MyProject4_FixA/Content/Textures/SS_Tile_Type_06.uasset" 289
"../../../MyProject4_FixA/Content/Materials/SS_Tile_Type_06.uasset" 290
"../../../MyProject4_FixA/Content/Materials/SS_Tile_Type_06_Inst4.uasset" 291
"../../../MyProject4_FixA/Content/Textures/SS_Tile_Type_07.uasset" 292
"../../../MyProject4_FixA/Content/Materials/SS_Tile_Type_07.uasset" 293
"../../../MyProject4_FixA/Content/Materials/SS_Tile_Type_07_Inst.uasset" 294
"../../../MyProject4_FixA/Content/Materials/SS_Tile_Type_07_Inst2.uasset" 295
"../../../MyProject4_FixA/Content/Materials/SS_Tile_Type_07_Inst3.uasset" 296
"../../../MyProject4_FixA/Content/Materials/SS_Tile_Type_07_Inst4.uasset" 297
"../../../MyProject4_FixA/Content/Textures/SS_Tile_Type_08.uasset" 298
"../../../MyProject4_FixA/Content/Materials/SS_Tile_Type_08.uasset" 299
"../../../MyProject4_FixA/Content/Materials/SS_Tile_Type_08_Inst.uasset" 300
"../../../MyProject4_FixA/Content/Materials/SS_Tile_Type_08_Inst2.uasset" 301
"../../../MyProject4_FixA/Content/Textures/WallGoof_01.uasset" 302
"../../../MyProject4_FixA/Content/Textures/WallGoof_NormalMap.uasset" 303
"../../../MyProject4_FixA/Content/Materials/Wall_Painting_01.uasset" 304
"../../../MyProject4_FixA/Content/Materials/Wall_Painting_01_Inst.uasset" 305
"../../../MyProject4_FixA/Content/Materials/Wall_Painting_01_Inst1.uasset" 306
"../../../MyProject4_FixA/Content/Materials/Wall_Painting_01_Inst2.uasset" 307
"../../../MyProject4_FixA/Content/Materials/Wall_Painting_01_Inst3.uasset" 308
"../../../MyProject4_FixA/Content/Textures/WallGoof_02.uasset" 309
"../../../MyProject4_FixA/Content/Materials/Wall_Painting_02.uasset" 310
"../../../MyProject4_FixA/Content/Textures/WallGoof_03.uasset" 311
"../../../MyProject4_FixA/Content/Materials/Wall_Painting_03.uasset" 312
"../../../MyProject4_FixA/Content/Textures/WallGoof_04.uasset" 313
"../../../MyProject4_FixA/Content/Materials/Wall_Painting_04.uasset" 314
"../../../MyProject4_FixA/Content/Textures/Wood1_Normal.uasset" 315
"../../../MyProject4_FixA/Content/Materials/Wood1_Blue.uasset" 316
"../../../MyProject4_FixA/Content/Materials/Wood1_Blue_Inst2.uasset" 317
"../../../MyProject4_FixA/Content/Materials/Wood1_SepiaBlue.uasset" 318
"../../../MyProject4_FixA/Content/Materials/Wood1_SepiaBlue_Inst3.uasset" 319
"../../../MyProject4_FixA/Content/Textures/Cartong2_Normal.uasset" 320
"../../../MyProject4_FixA/Content/Textures/Cartong2_UV.uasset" 321
"../../../MyProject4_FixA/Content/Materials/Milk2.uasset" 322
"../../../MyProject4_FixA/Content/Objects/Cartong2.uasset" 323
"../../../MyProject4_FixA/Content/StarterContent/Materials/M_Glass.uasset" 324
"../../../MyProject4_FixA/Content/StarterContent/Textures/T_Door_M.uasset" 325
"../../../MyProject4_FixA/Content/StarterContent/Textures/T_Door_N.uasset" 326
"../../../MyProject4_FixA/Content/StarterContent/Props/Materials/M_Door.uasset" 327
"../../../MyProject4_FixA/Content/Objects/DOOR_W_COLLISIOn.uasset" 328
"../../../MyProject4_FixA/Content/Objects/Material_005.uasset" 329
"../../../MyProject4_FixA/Content/Objects/Material_006.uasset" 330
"../../../MyProject4_FixA/Content/Objects/Material_007.uasset" 331
"../../../MyProject4_FixA/Content/Objects/Material_008.uasset" 332
"../../../MyProject4_FixA/Content/Objects/Material_009.uasset" 333
"../../../MyProject4_FixA/Content/Objects/Material_010.uasset" 334
"../../../MyProject4_FixA/Content/Objects/Material_011.uasset" 335
"../../../MyProject4_FixA/Content/Objects/Material_012.uasset" 336
"../../../MyProject4_FixA/Content/Objects/Material_013.uasset" 337
"../../../MyProject4_FixA/Content/Objects/Material_014.uasset" 338
"../../../MyProject4_FixA/Content/Materials/Wood1_Sepia.uasset" 339
"../../../MyProject4_FixA/Content/Objects/Walls/Green.uasset" 340
"../../../MyProject4_FixA/Content/Objects/Walls/Wall_Stub_X4_02.uasset" 341
"../../../MyProject4_FixA/Content/Sprites/Ability_Panel_Base_2.uasset" 342
"../../../MyProject4_FixA/Content/Sprites/Ability_Panel_Base_3.uasset" 343
"../../../MyProject4_FixA/Content/Sprites/Ability_Panel_Base_4.uasset" 344
"../../../MyProject4_FixA/Content/Sprites/crosshair1.uasset" 345
"../../../MyProject4_FixA/Content/StarterContent/Materials/M_Basic_Wall.uasset" 346
"../../../MyProject4_FixA/Content/StarterContent/Architecture/Pillar_50x500.uasset" 347
"../../../MyProject4_FixA/Content/StarterContent/Architecture/Wall_400x300.uasset" 348
"../../../MyProject4_FixA/Content/StarterContent/Architecture/Wall_400x400.uasset" 349
"../../../MyProject4_FixA/Content/StarterContent/Architecture/Wall_500x500.uasset" 350
"../../../MyProject4_FixA/Content/StarterContent/Architecture/Wall_Door_400x400.uasset" 351
"../../../MyProject4_FixA/Content/StarterContent/Architecture/Wall_Window_400x400.uasset" 352
"../../../MyProject4_FixA/Content/StarterContent/Audio/Light01_Cue.uasset" 353
"../../../MyProject4_FixA/Content/StarterContent/Audio/Light02_Cue.uasset" 354
"../../../MyProject4_FixA/Content/StarterContent/Audio/Explosion_Cue.uasset" 355
"../../../MyProject4_FixA/Content/StarterContent/Textures/T_Burst_M.uasset" 356
"../../../MyProject4_FixA/Content/StarterContent/Particles/Materials/M_Burst.uasset" 357
"../../../MyProject4_FixA/Content/StarterContent/Textures/T_Explosion_SubUV.uasset" 358
"../../../MyProject4_FixA/Content/StarterContent/Particles/Materials/M_explosion_subUV.uasset" 359
"../../../MyProject4_FixA/Content/StarterContent/Particles/Materials/m_flare_01.uasset" 360
"../../../Engine/Content/Functions/Engine_MaterialFunctions01/Gradient/RadialGradient.uasset" 361
"../../../MyProject4_FixA/Content/StarterContent/Particles/Materials/M_radial_ramp.uasset" 362
"../../../MyProject4_FixA/Content/StarterContent/Textures/T_Smoke_SubUV.uasset" 363
"../../../MyProject4_FixA/Content/StarterContent/Textures/T_Smoke_Tiled_D.uasset" 364
"../../../MyProject4_FixA/Content/StarterContent/Particles/Materials/M_smoke_subUV.uasset" 365
"../../../MyProject4_FixA/Content/StarterContent/Particles/P_Explosion.uasset" 366
"../../../MyProject4_FixA/Content/StarterContent/Blueprints/Blueprint_Effect_Explosion.uasset" 367
"../../../Engine/Content/EditorMeshes/ColorCalibrator/T_ColorGrid.uasset" 368
"../../../MyProject4_FixA/Content/StarterContent/Materials/M_ColorGrid_LowSpec.uasset" 369
"../../../MyProject4_FixA/Content/StarterContent/Textures/T_Bush_D.uasset" 370
"../../../MyProject4_FixA/Content/StarterContent/Textures/T_Bush_N.uasset" 371
"../../../MyProject4_FixA/Content/StarterContent/Props/Materials/M_Bush.uasset" 372
"../../../MyProject4_FixA/Content/StarterContent/Props/SM_Bush.uasset" 373
"../../../MyProject4_FixA/Content/StarterContent/Textures/T_Chair_M.uasset" 374
"../../../MyProject4_FixA/Content/StarterContent/Textures/T_Chair_N.uasset" 375
"../../../MyProject4_FixA/Content/StarterContent/Props/Materials/M_Chair.uasset" 376
"../../../MyProject4_FixA/Content/StarterContent/Props/SM_Couch.uasset" 377
"../../../MyProject4_FixA/Content/StarterContent/Props/SM_Door.uasset" 378
"../../../MyProject4_FixA/Content/StarterContent/Props/Materials/M_MaterialSphere.uasset" 379
"../../../MyProject4_FixA/Content/StarterContent/Props/Materials/M_MaterialSphere_Plain.uasset" 380
"../../../MyProject4_FixA/Content/StarterContent/Props/SM_MatPreviewMesh_02.uasset" 381
"../../../Engine/Content/Functions/Engine_MaterialFunctions02/Utility/BlendAngleCorrectedNormals.uasset" 382
"../../../MyProject4_FixA/Content/StarterContent/Textures/T_Detail_Rocky_N.uasset" 383
"../../../MyProject4_FixA/Content/StarterContent/Textures/T_Rock_Basalt_D.uasset" 384
"../../../MyProject4_FixA/Content/StarterContent/Textures/T_RockMesh_M.uasset" 385
"../../../MyProject4_FixA/Content/StarterContent/Textures/T_RockMesh_N.uasset" 386
"../../../MyProject4_FixA/Content/StarterContent/Props/Materials/M_Rock.uasset" 387
"../../../MyProject4_FixA/Content/StarterContent/Props/SM_Rock.uasset" 388
"../../../MyProject4_FixA/Content/StarterContent/Textures/T_Shelf_M.uasset" 389
"../../../MyProject4_FixA/Content/StarterContent/Textures/T_Shelf_N.uasset" 390
"../../../MyProject4_FixA/Content/StarterContent/Props/Materials/M_Shelf.uasset" 391
"../../../MyProject4_FixA/Content/StarterContent/Props/SM_Shelf.uasset" 392
"../../../MyProject4_FixA/Content/StarterContent/Materials/M_Basic_Floor.uasset" 393
"../../../MyProject4_FixA/Content/StarterContent/Props/SM_Stairs.uasset" 394
"../../../MyProject4_FixA/Content/StarterContent/Shapes/Shape_Cone.uasset" 395
"../../../MyProject4_FixA/Content/StarterContent/Shapes/Shape_Cylinder.uasset" 396
"../../../MyProject4_FixA/Content/StarterContent/Shapes/Shape_NarrowCapsule.uasset" 397
"../../../MyProject4_FixA/Content/StarterContent/Shapes/Shape_Pipe.uasset" 398
"../../../MyProject4_FixA/Content/StarterContent/Shapes/Shape_Pipe_180.uasset" 399
"../../../MyProject4_FixA/Content/StarterContent/Shapes/Shape_Pipe_90.uasset" 400
"../../../MyProject4_FixA/Content/StarterContent/Shapes/Shape_Plane.uasset" 401
"../../../MyProject4_FixA/Content/StarterContent/Shapes/Shape_Torus.uasset" 402
"../../../MyProject4_FixA/Content/StarterContent/Shapes/Shape_Trim.uasset" 403
"../../../MyProject4_FixA/Content/StarterContent/Shapes/Shape_Trim_90_In.uasset" 404
"../../../MyProject4_FixA/Content/StarterContent/Shapes/Shape_Trim_90_Out.uasset" 405
"../../../MyProject4_FixA/Content/StarterContent/Shapes/Shape_TriPyramid.uasset" 406
"../../../MyProject4_FixA/Content/StarterContent/Shapes/Shape_Tube.uasset" 407
"../../../MyProject4_FixA/Content/StarterContent/Shapes/Shape_Wedge_A.uasset" 408
"../../../MyProject4_FixA/Content/StarterContent/Shapes/Shape_Wedge_B.uasset" 409
"../../../MyProject4_FixA/Content/StarterContent/Shapes/Shape_WideCapsule.uasset" 410
"../../../MyProject4_FixA/Content/Textures/Brick1_PRE.uasset" 411
"../../../MyProject4_FixA/Content/Textures/Grass_Normal_01.uasset" 412
"../../../MyProject4_FixA/Content/Textures/SkyMap_01.uasset" 413
"../../../MyProject4_FixA/Content/Textures/Theme1.uasset" 414
"../../../MyProject4_FixA/Content/Textures/Wood1_SepiaBlue_Mat.uasset" 415
"../../../MyProject4_FixA/Content/Textures/Wood1_Sepia_Mat.uasset" 416
"../../../Engine/Content/EngineMaterials/WorldGridMaterial.uasset" 417
"../../../MyProject4_FixA/Content/Materials/MaterialBlack.uasset" 418
"../../../MyProject4_FixA/Content/Textures/Wood1_LightRed.uasset" 419
"../../../MyProject4_FixA/Content/Materials/Wood1_LightRed.uasset" 420
"../../../MyProject4_FixA/Content/Materials/Wood1_LightRed_Inst.uasset" 421
"../../../MyProject4_FixA/Content/Materials/Wood1_SepiaBlue_Inst.uasset" 422
"../../../MyProject4_FixA/Content/Walls/Wall1_Type1_Mesh.uasset" 423
"../../../MyProject4_FixA/Content/Walls/Wall1_Type2_Mesh.uasset" 424
"../../../Engine/Content/BasicShapes/Cone.uasset" 425
"../../../Engine/Content/BasicShapes/Plane.uasset" 426
"../../../Engine/Content/EditorMaterials/GizmoMaterial.uasset" 427
"../../../Engine/Content/EditorMaterials/MAT_Groups_Toggle.uasset" 428
"../../../Engine/Content/EditorMaterials/MAT_Groups_Visibility.uasset" 429
"../../../Engine/Content/EditorMaterials/PreviewShadowIndicator.uasset" 430
"../../../Engine/Content/EditorMaterials/PreviewShadowIndicatorMaterial.uasset" 431
"../../../Engine/Content/EditorMaterials/MatineeGroups/MAT_ColorTrack.uasset" 432
"../../../Engine/Content/EditorMaterials/MatineeGroups/MAT_Groups_Anim.uasset" 433
"../../../Engine/Content/EditorMaterials/MatineeGroups/MAT_Groups_AudioMaster.uasset" 434
"../../../Engine/Content/EditorMaterials/MatineeGroups/MAT_Groups_Director.uasset" 435
"../../../Engine/Content/EditorMaterials/MatineeGroups/MAT_Groups_Event.uasset" 436
"../../../Engine/Content/EditorMaterials/MatineeGroups/MAT_Groups_Fade.uasset" 437
"../../../Engine/Content/EditorMaterials/MatineeGroups/MAT_Groups_Float.uasset" 438
"../../../Engine/Content/EditorMaterials/MatineeGroups/MAT_Groups_Move.uasset" 439
"../../../Engine/Content/EditorMaterials/MatineeGroups/MAT_Groups_Slomo.uasset" 440
"../../../Engine/Content/EditorMaterials/MatineeGroups/MAT_Groups_Sound.uasset" 441
"../../../Engine/Content/EditorMaterials/MatineeGroups/MAT_Groups_Vector.uasset" 442
"../../../Engine/Content/EditorMaterials/ParticleSystems/PSysThumbnail_NoImage.uasset" 443
"../../../Engine/Content/EditorMaterials/ParticleSystems/PSysThumbnail_OOD.uasset" 444
"../../../Engine/Content/EditorMaterials/Camera/CineMat.uasset" 445
"../../../Engine/Content/EditorMaterials/Camera/MI_CineMat_Rig.uasset" 446
"../../../Engine/Content/EditorMeshes/Camera/SM_CraneRig_Arm.uasset" 447
"../../../Engine/Content/EditorMeshes/Camera/SM_CraneRig_Base.uasset" 448
"../../../Engine/Content/EditorMeshes/Camera/SM_CraneRig_Body.uasset" 449
"../../../Engine/Content/EditorMeshes/Camera/SM_CraneRig_Mount.uasset" 450
"../../../Engine/Content/EditorMeshes/Camera/SM_RailRig_Mount.uasset" 451
"../../../Engine/Content/EditorMeshes/Camera/SM_RailRig_Track.uasset" 452
"../../../Engine/Content/EditorResources/BSPVertex.uasset" 453
"../../../Engine/Content/EditorResources/EmptyActor.uasset" 454
"../../../Engine/Content/EditorResources/S_Actor.uasset" 455
"../../../Engine/Content/EditorResources/S_KBSJoint.uasset" 456
"../../../Engine/Content/EditorResources/S_KPrismatic.uasset" 457
"../../../Engine/Content/EditorResources/S_Trigger.uasset" 458
"../../../Engine/Content/EditorResources/AudioIcons/S_AudioComponent.uasset" 459
"../../../Engine/Content/EditorResources/AudioIcons/S_AudioComponent_AutoActivate.uasset" 460
"../../../Engine/Content/EditorResources/LightIcons/S_LightError.uasset" 461
"../../../Engine/Content/EditorResources/SequenceRecorder/Countdown.uasset" 462
"../../../Engine/Content/EditorResources/SequenceRecorder/RecordingIndicator.uasset" 463
"../../../Engine/Content/EditorSounds/Notifications/CompileFailed.uasset" 464
"../../../Engine/Content/EditorSounds/Notifications/CompileFailed_Cue.uasset" 465
"../../../Engine/Content/EditorSounds/Notifications/CompileSuccess.uasset" 466
"../../../Engine/Content/EditorSounds/Notifications/CompileStart_Cue.uasset" 467
"../../../Engine/Content/EditorSounds/Notifications/CompileSuccess_Cue.uasset" 468
"../../../Engine/Content/EngineDamageTypes/DmgTypeBP_Environmental.uasset" 469
"../../../Engine/Content/EngineDebugMaterials/HeatmapGradient.uasset" 470
"../../../Engine/Content/EngineDebugMaterials/BoneWeightMaterial.uasset" 471
"../../../Engine/Content/EngineDebugMaterials/ClothMaterial.uasset" 472
"../../../Engine/Content/EngineDebugMaterials/ClothMaterial_WF.uasset" 473
"../../../Engine/Content/EngineDebugMaterials/DebugEditorMaterial.uasset" 474
"../../../Engine/Content/EngineDebugMaterials/DebugMeshMaterial.uasset" 475
"../../../Engine/Content/EngineDebugMaterials/GeomMaterial.uasset" 476
"../../../Engine/Content/EngineFonts/Faces/RobotoTiny.uasset" 477
"../../../Engine/Content/EngineFonts/RobotoTiny.uasset" 478
"../../../Engine/Content/EngineMaterials/DefaultBloomKernel.uasset" 479
"../../../Engine/Content/EngineMaterials/DefaultBokeh.uasset" 480
"../../../Engine/Content/EngineMaterials/DefaultDiffuse.uasset" 481
"../../../Engine/Content/EngineMaterials/DefaultDeferredDecalMaterial.uasset" 482
"../../../Engine/Content/EngineMaterials/DefaultLightFunctionMaterial.uasset" 483
"../../../Engine/Content/Functions/Engine_MaterialFunctions02/Utility/BreakOutFloat2Components.uasset" 484
"../../../Engine/Content/EngineMaterials/DefaultPostProcessMaterial.uasset" 485
"../../../Engine/Content/EngineFonts/RobotoDistanceField.uasset" 486
"../../../Engine/Content/EngineMaterials/DefaultTextMaterialOpaque.uasset" 487
"../../../Engine/Content/EngineMaterials/DefaultWhiteGrid.uasset" 488
"../../../Engine/Content/EngineMaterials/EditorBrushMaterial.uasset" 489
"../../../Engine/Content/EngineMaterials/Good64x64TilingNoiseHighFreq.uasset" 490
"../../../Engine/Content/EngineMaterials/MiniFont.uasset" 491
"../../../Engine/Content/EngineMaterials/InvalidLightmapSettings.uasset" 492
"../../../Engine/Content/EngineMaterials/M_InvalidLightmapSettings.uasset" 493
"../../../Engine/Content/Functions/Engine_MaterialFunctions02/WorldPositionOffset/CameraOffset.uasset" 494
"../../../Engine/Content/EngineMaterials/PhAT_JointLimitMaterial.uasset" 495
"../../../Engine/Content/EngineMaterials/PreintegratedSkinBRDF.uasset" 496
"../../../Engine/Content/EngineMaterials/RemoveSurfaceMaterial.uasset" 497
"../../../Engine/Content/EngineMaterials/WeightMapPlaceholderTexture.uasset" 498
"../../../Engine/Content/EngineResources/WhiteSquareTexture.uasset" 499
"../../../Engine/Content/EngineMaterials/Widget3DPassThrough.uasset" 500
"../../../Engine/Content/EngineMaterials/Widget3DPassThrough_Masked.uasset" 501
"../../../Engine/Content/EngineMaterials/Widget3DPassThrough_Opaque.uasset" 502
"../../../Engine/Content/EngineMaterials/Widget3DPassThrough_Masked_OneSided.uasset" 503
"../../../Engine/Content/EngineMaterials/Widget3DPassThrough_Opaque_OneSided.uasset" 504
"../../../Engine/Content/EngineMaterials/Widget3DPassThrough_Translucent.uasset" 505
"../../../Engine/Content/EngineMaterials/Widget3DPassThrough_Translucent_OneSided.uasset" 506
"../../../Engine/Content/EngineMeshes/Cube.uasset" 507
"../../../Engine/Content/EngineMeshes/Cylinder.uasset" 508
"../../../Engine/Content/EngineMeshes/Sphere.uasset" 509
"../../../Engine/Content/EngineResources/Black.uasset" 510
"../../../Engine/Content/EngineResources/DefaultTexture.uasset" 511
"../../../Engine/Content/EngineResources/DefaultTextureCube.uasset" 512
"../../../Engine/Content/EngineResources/GradientTexture0.uasset" 513
"../../../Engine/Content/EngineSounds/Master.uasset" 514
"../../../Engine/Content/Functions/Engine_MaterialFunctions01/Shading/ConvertFromDiffSpec.uasset" 515
"../../../Engine/Content/Functions/Engine_MaterialFunctions01/Shading/PowerToRoughness.uasset" 516
"../../../Engine/Content/Maps/Templates/Thumbnails/Default.uasset" 517
"../../../Engine/Content/Maps/Templates/Thumbnails/VR-Basic.uasset" 518
"../../../Engine/Content/MobileResources/T_MobileControls_texture.uasset" 519
"../../../Engine/Content/MobileResources/T_MobileMenu2.uasset" 520
"../../../Engine/Content/MobileResources/HUD/AnalogHat.uasset" 521
"../../../Engine/Content/MobileResources/HUD/VirtualJoystick_Background.uasset" 522
"../../../Engine/Content/MobileResources/HUD/VirtualJoystick_Thumb.uasset" 523
"../../../Engine/Content/MobileResources/HUD/DefaultVirtualJoysticks.uasset" 524
"../../../Engine/Content/MobileResources/HUD/LeftVirtualJoystickOnly.uasset" 525
"../../../Engine/Content/MobileResources/HUD/MobileHUDButton1_off.uasset" 526
"../../../Engine/Content/MobileResources/HUD/MobileHUDButton1_on.uasset" 527
"../../../Engine/Content/MobileResources/HUD/MobileHUDButton2_off.uasset" 528
"../../../Engine/Content/MobileResources/HUD/MobileHUDButton2_on.uasset" 529
"../../../Engine/Content/MobileResources/HUD/MobileHUDButton3.uasset" 530
"../../../Engine/Content/MobileResources/HUD/MobileHUDButtonFire.uasset" 531
"../../../Engine/Content/MobileResources/HUD/MobileHUDDirectionPad.uasset" 532
"../../../Engine/Content/MobileResources/HUD/MobileHUDDirectionPad2.uasset" 533
"../../../Engine/Content/MobileResources/HUD/MobileHUDDirectionPad3.uasset" 534
"../../../Engine/Content/MobileResources/HUD/MobileHUDDirectionStick.uasset" 535
"../../../Engine/Content/MobileResources/HUD/T_Castle_ThumbstickInner.uasset" 536
"../../../Engine/Content/MobileResources/HUD/T_Castle_ThumbstickOutter.uasset" 537
"../../../Engine/Content/Tutorial/ContentIntroCurve.uasset" 538
"../../../Engine/Content/Tutorial/Basics/TutorialAssets/icon_tab_Levels_40x.uasset" 539
"../../../Engine/Content/Tutorial/BlueprintTutorials/TutorialAssets/BlueprintInterface_64x.uasset" 540
"../../../Engine/Content/Tutorial/BlueprintTutorials/TutorialAssets/BlueprintMacroLibrary_64x.uasset" 541
"../../../Engine/Content/Tutorial/BlueprintTutorials/TutorialAssets/Blueprint_64x.uasset" 542
"../../../Engine/Content/Tutorial/BlueprintTutorials/TutorialAssets/Tutorial_BP_Interface.uasset" 543
"../../../Engine/Content/Tutorial/Foliage/TutorialAssets/Foliage.uasset" 544
"../../../Engine/Content/Tutorial/Landscape/TutorialAssets/Landscape.uasset" 545
"../../../Engine/Content/Tutorial/Paper2D/TutorialAssets/Paper2DFlipbook_TutorialIcon.uasset" 546
"../../../Engine/Content/Tutorial/Paper2D/TutorialAssets/Paper2DSprite_TutorialIcon.uasset" 547
"../../../Engine/Content/Tutorial/SubEditors/TutorialAssets/icon_Editor_Preferences_General_40x.uasset" 548
"../../../Engine/Content/Tutorial/SubEditors/TutorialAssets/icon_ShowSkeletalMeshes_40x.uasset" 549
"../../../Engine/Content/Tutorial/SubEditors/TutorialAssets/TutorialMaterial.uasset" 550
"../../../Engine/Content/Tutorial/SubEditors/TutorialAssets/T_SmokeSubUV_8X8.uasset" 551
"../../../Engine/Content/Tutorial/SubEditors/TutorialAssets/T_soft_smoke.uasset" 552
"../../../Engine/Content/Tutorial/SubEditors/TutorialAssets/M_smoke_subUV_blackbody.uasset" 553
"../../../Engine/Content/Tutorial/SubEditors/TutorialAssets/TutorialParticleSystem.uasset" 554
"../../../Engine/Content/VREditor/Devices/Generic/GenericHMDMaterial.uasset" 555
"../../../Engine/Content/VREditor/Devices/Generic/GenericHMD.uasset" 556
"../../../Engine/Content/VREditor/FloatingText/LineMaterial.uasset" 557
"../../../Engine/Content/VREditor/FloatingText/JointSphere.uasset" 558
"../../../Engine/Content/VREditor/FloatingText/LineSegmentCylinder.uasset" 559
"../../../Engine/Content/VREditor/Fonts/VRText_RobotoLarge.uasset" 560
"../../../Engine/Content/VREditor/Fonts/VRTextMaterial.uasset" 561
"../../../Engine/Content/VREditor/Fonts/TranslucentVRTextMaterial.uasset" 562
"../../../Engine/Content/VREditor/LaserPointer/CursorPointer.uasset" 563
"../../../Engine/Content/VREditor/LaserPointer/VR_LaserPower_01.uasset" 564
"../../../Engine/Content/VREditor/TransformGizmo/TransformGizmoMaterial.uasset" 565
"../../../Engine/Content/VREditor/LaserPointer/HoverMaterial.uasset" 566
"../../../Engine/Content/VREditor/TransformGizmo/TranslucentTransformGizmoMaterial.uasset" 567
"../../../Engine/Content/VREditor/LaserPointer/TranslucentHoverMaterial.uasset" 568
"../../../Engine/Content/VREditor/LaserPointer/HoverMesh.uasset" 569
"../../../Engine/Content/VREditor/LaserPointer/LaserPointerMaterial.uasset" 570
"../../../Engine/Content/VREditor/LaserPointer/LaserPointerMaterialInst.uasset" 571
"../../../Engine/Content/VREditor/LaserPointer/TranslucentLaserPointerMaterialInst.uasset" 572
"../../../Engine/Content/VREditor/LaserPointer/LaserPointerMesh.uasset" 573
"../../../Engine/Content/VREditor/LaserPointer/LaserPointerMesh_End.uasset" 574
"../../../Engine/Content/VREditor/LaserPointer/LaserPointerMesh_Start.uasset" 575
"../../../Engine/Content/Functions/Engine_MaterialFunctions02/Utility/BreakOutFloat3Components.uasset" 576
"../../../Engine/Content/Functions/Engine_MaterialFunctions02/Math/Transform3x3Matrix.uasset" 577
"../../../Engine/Content/Functions/Engine_MaterialFunctions02/Utility/MakeFloat3.uasset" 578
"../../../Engine/Content/VREditor/SnapGrid/SnapGridMaterial.uasset" 579
"../../../Engine/Content/VREditor/SnapGrid/SnapGridPlaneMesh.uasset" 580
"../../../Engine/Content/VREditor/Sounds/VR_teleport.uasset" 581
"../../../Engine/Content/VREditor/Sounds/UI/Click_on_Button_Cue.uasset" 582
"../../../Engine/Content/VREditor/Sounds/UI/Dockable_Window_Close.uasset" 583
"../../../Engine/Content/VREditor/Sounds/UI/Dockable_Window_Drop.uasset" 584
"../../../Engine/Content/VREditor/Sounds/UI/Dockable_Window_Open.uasset" 585
"../../../Engine/Content/VREditor/Sounds/UI/Dockable_Window_Pick_Up.uasset" 586
"../../../Engine/Content/VREditor/Sounds/UI/Drop_Item_From_ContentBrowser.uasset" 587
"../../../Engine/Content/VREditor/Sounds/UI/Floating_UI_Open-001.uasset" 588
"../../../Engine/Content/VREditor/Sounds/UI/Gizmo_Handle_Clicked.uasset" 589
"../../../Engine/Content/VREditor/Sounds/UI/Object_PickUp.uasset" 590
"../../../Engine/Content/VREditor/Sounds/UI/Object_Snaps_To_Another_Actor.uasset" 591
"../../../Engine/Content/VREditor/Sounds/UI/Object_Snaps_To_Grid.uasset" 592
"../../../Engine/Content/VREditor/Sounds/UI/Radial_Menu_FadeOut.uasset" 593
"../../../Engine/Content/VREditor/Sounds/UI/Scaling_Down.uasset" 594
"../../../Engine/Content/VREditor/Sounds/UI/Scaling_Up.uasset" 595
"../../../Engine/Content/VREditor/Sounds/UI/Selection_Changes.uasset" 596
"../../../Engine/Content/VREditor/Sounds/UI/Teleport_Mode_Entered.uasset" 597
"../../../Engine/Content/VREditor/Teleport/TeleportDirectionMaterial.uasset" 598
"../../../Engine/Content/VREditor/Teleport/TeleportDirectionMaterial_Inst.uasset" 599
"../../../Engine/Content/VREditor/Teleport/TeleportDirectionMesh.uasset" 600
"../../../Engine/Content/VREditor/TransformGizmo/BoundingBoxCorner.uasset" 601
"../../../Engine/Content/VREditor/TransformGizmo/BoundingBoxEdge.uasset" 602
"../../../Engine/Content/VREditor/TransformGizmo/PlaneTranslationHandle.uasset" 603
"../../../Engine/Content/VREditor/TransformGizmo/RotationHandleFull.uasset" 604
"../../../Engine/Content/VREditor/TransformGizmo/RotationHandleIndicator.uasset" 605
"../../../Engine/Content/VREditor/TransformGizmo/RotationHandleQuarter.uasset" 606
"../../../Engine/Content/VREditor/TransformGizmo/Main.uasset" 607
"../../../Engine/Content/VREditor/TransformGizmo/Xray.uasset" 608
"../../../Engine/Content/VREditor/TransformGizmo/SM_Dialog_Close.uasset" 609
"../../../Engine/Content/VREditor/TransformGizmo/SM_Dialog_Move.uasset" 610
"../../../Engine/Content/VREditor/TransformGizmo/SM_Sequencer_Key.uasset" 611
"../../../Engine/Content/VREditor/TransformGizmo/SM_Sequencer_Node.uasset" 612
"../../../Engine/Content/VREditor/TransformGizmo/StartRotationHandleIndicator.uasset" 613
"../../../Engine/Content/VREditor/TransformGizmo/TranslucentTransformGizmoMaterial_Inst.uasset" 614
"../../../Engine/Content/VREditor/TransformGizmo/TransformGizmoFreeRotation.uasset" 615
"../../../Engine/Content/VREditor/TransformGizmo/TransformGizmoMaterial_Inst.uasset" 616
"../../../Engine/Content/VREditor/TransformGizmo/TranslateArrowHandle.uasset" 617
"../../../Engine/Content/VREditor/TransformGizmo/UniformScaleHandle.uasset" 618
"../../../Engine/Content/VREditor/UI/KeyDiskMaterial.uasset" 619
"../../../Engine/Content/VREditor/UI/DiscMaterial.uasset" 620
"../../../Engine/Content/VREditor/UI/SM_Radial_Disk.uasset" 621
"../../../Engine/Content/VREditor/WorldMovementGrid/SimpleGrid.uasset" 622
"../../../Engine/Content/VREditor/WorldMovementGrid/GridMaterial.uasset" 623
"../../../Engine/Content/Functions/Engine_MaterialFunctions01/Density/ExponentialDensity.uasset" 624
"../../../Engine/Content/VREditor/WorldMovementGrid/GridPostProcess.uasset" 625
"../../../Engine/Content/EditorLandscapeResources/FlattenHeightMat.uasset" 626
"../../../Engine/Content/VREditor/WorldMovementGrid/PlaneMesh.uasset" 627
"../../../Engine/Plugins/2D/Paper2D/Content/PlaceholderTextures/DummySpriteTexture.uasset" 628
"../../../Engine/Plugins/2D/Paper2D/Content/DummySprite.uasset" 629
"../../../Engine/Plugins/2D/Paper2D/Content/DefaultPaperTerrainMaterial.uasset" 630
"../../../Engine/Plugins/2D/Paper2D/Content/DefaultSpriteMaterial.uasset" 631
"../../../Engine/Plugins/2D/Paper2D/Content/MaskedUnlitSpriteMaterial.uasset" 632
"../../../Engine/Plugins/2D/Paper2D/Content/OpaqueUnlitSpriteMaterial.uasset" 633
"../../../Engine/Plugins/Media/MediaCompositing/Content/DefaultMediaPlaneMaterial.uasset" 634
"../../../Engine/Content/Functions/Engine_MaterialFunctions01/Texturing/ScaleUVsByCenter.uasset" 635
"../../../Engine/Content/Functions/Engine_MaterialFunctions02/Utility/MakeFloat4.uasset" 636
"../../../Engine/Plugins/Runtime/AppleARKit/Content/ARKitCameraMaterial.uasset" 637
"../../../Engine/Plugins/Runtime/Oculus/OculusVR/Content/Textures/GearVRController_AO.uasset" 638
"../../../Engine/Plugins/Runtime/Oculus/OculusVR/Content/Textures/GearVRController_Color.uasset" 639
"../../../Engine/Plugins/Runtime/Oculus/OculusVR/Content/Textures/GearVRController_Normal.uasset" 640
"../../../Engine/Plugins/Runtime/Oculus/OculusVR/Content/Materials/GearVRControllerMaterial.uasset" 641
"../../../Engine/Plugins/Runtime/Oculus/OculusVR/Content/Meshes/GearVrController.uasset" 642
"../../../Engine/Content/EngineSky/C_Sky_Cloud_Color.uasset" 643
"../../../Engine/Content/EngineSky/C_Sky_Horizon_Color.uasset" 644
"../../../Engine/Content/EngineSky/C_Sky_Zenith_Color.uasset" 645
"../../../Engine/Content/EngineSky/T_Sky_Blue.uasset" 646
"../../../Engine/Content/EngineSky/T_Sky_Clouds_M.uasset" 647
"../../../Engine/Content/EngineSky/T_Sky_Stars.uasset" 648
"../../../Engine/Content/EngineSky/M_Sky_Panning_Clouds2.uasset" 649
"../../../Engine/Content/EngineSky/SM_SkySphere.uasset" 650
"../../../Engine/Content/EngineSky/BP_Sky_Sphere.uasset" 651
"../../../MyProject4_FixA/Content/Textures/Book1_Normal.uasset" 652
"../../../MyProject4_FixA/Content/Textures/Book1_UV.uasset" 653
"../../../MyProject4_FixA/Content/Materials/Book1.uasset" 654
"../../../MyProject4_FixA/Content/Textures/Book2_UV.uasset" 655
"../../../MyProject4_FixA/Content/Materials/Book2.uasset" 656
"../../../MyProject4_FixA/Content/Textures/Book3_UV.uasset" 657
"../../../MyProject4_FixA/Content/Materials/Book3.uasset" 658
"../../../MyProject4_FixA/Content/Textures/Book4_UV.uasset" 659
"../../../MyProject4_FixA/Content/Materials/Book4.uasset" 660
"../../../MyProject4_FixA/Content/Textures/Book5_UV.uasset" 661
"../../../MyProject4_FixA/Content/Materials/Book5.uasset" 662
"../../../MyProject4_FixA/Content/Textures/Book6_UV.uasset" 663
"../../../MyProject4_FixA/Content/Materials/Book6.uasset" 664
"../../../MyProject4_FixA/Content/Textures/Book7_UV.uasset" 665
"../../../MyProject4_FixA/Content/Materials/Book7.uasset" 666
"../../../MyProject4_FixA/Content/Textures/Book8_UV.uasset" 667
"../../../MyProject4_FixA/Content/Materials/Book8.uasset" 668
"../../../MyProject4_FixA/Content/Objects/Green.uasset" 669
"../../../MyProject4_FixA/Content/Objects/Book1.uasset" 670
"../../../MyProject4_FixA/Content/Blueprints/Book1.uasset" 671
"../../../MyProject4_FixA/Content/Textures/Wood_Pane_Brown.uasset" 672
"../../../MyProject4_FixA/Content/Materials/Wood_Pane_Brown.uasset" 673
"../../../MyProject4_FixA/Content/Materials/Wood_Pane_Brown_Inst2.uasset" 674
"../../../MyProject4_FixA/Content/Textures/Wood_Pane_Cyan.uasset" 675
"../../../MyProject4_FixA/Content/Materials/Wood_Pane_Cyan.uasset" 676
"../../../MyProject4_FixA/Content/Materials/Wood_Pane_Cyan_Inst2.uasset" 677
"../../../MyProject4_FixA/Content/Objects/Bookcase1.uasset" 678
"../../../MyProject4_FixA/Content/Blueprints/BookCase1_BP.uasset" 679
"../../../MyProject4_FixA/Content/Textures/Wood4_LightOrange.uasset" 680
"../../../MyProject4_FixA/Content/Materials/Wood4_LightOrange.uasset" 681
"../../../Engine/Content/BasicShapes/Cube.uasset" 682
"../../../MyProject4_FixA/Content/Textures/Box1_Normal.uasset" 683
"../../../MyProject4_FixA/Content/Textures/Box1_UV.uasset" 684
"../../../MyProject4_FixA/Content/Materials/Box1.uasset" 685
"../../../MyProject4_FixA/Content/Objects/Box1.uasset" 686
"../../../MyProject4_FixA/Content/Blueprints/Box1_BP.uasset" 687
"../../../MyProject4_FixA/Content/Textures/Cereal1_Normal.uasset" 688
"../../../MyProject4_FixA/Content/Textures/Cereal1_UV.uasset" 689
"../../../MyProject4_FixA/Content/Materials/Cereal1.uasset" 690
"../../../MyProject4_FixA/Content/Objects/Cereal1.uasset" 691
"../../../MyProject4_FixA/Content/Blueprints/Cereal1.uasset" 692
"../../../MyProject4_FixA/Content/Objects/Red.uasset" 693
"../../../MyProject4_FixA/Content/Objects/Chair1.uasset" 694
"../../../MyProject4_FixA/Content/Blueprints/Chair1_BP.uasset" 695
"../../../MyProject4_FixA/Content/Textures/Wood4_Sepia.uasset" 696
"../../../MyProject4_FixA/Content/Materials/Wood4_Sepia.uasset" 697
"../../../MyProject4_FixA/Content/FirstPersonBP/Meshes/CubeMaterial.uasset" 698
"../../../MyProject4_FixA/Content/FirstPersonBP/Meshes/CubeMesh.uasset" 699
"../../../MyProject4_FixA/Content/StarterContent/Textures/T_MacroVariation.uasset" 700
"../../../MyProject4_FixA/Content/StarterContent/Textures/T_Wood_Walnut_D.uasset" 701
"../../../MyProject4_FixA/Content/StarterContent/Textures/T_Wood_Walnut_N.uasset" 702
"../../../MyProject4_FixA/Content/StarterContent/Materials/M_Wood_Walnut.uasset" 703
"../../../MyProject4_FixA/Content/Objects/Closet1_Part1.uasset" 704
"../../../MyProject4_FixA/Content/StarterContent/Textures/T_Perlin_Noise_M.uasset" 705
"../../../MyProject4_FixA/Content/StarterContent/Textures/T_Wood_Floor_Walnut_D.uasset" 706
"../../../MyProject4_FixA/Content/StarterContent/Textures/T_Wood_Floor_Walnut_M.uasset" 707
"../../../MyProject4_FixA/Content/StarterContent/Textures/T_Wood_Floor_Walnut_N.uasset" 708
"../../../MyProject4_FixA/Content/StarterContent/Materials/M_Wood_Floor_Walnut_Polished.uasset" 709
"../../../MyProject4_FixA/Content/Objects/Closet1_Part2_LeftSide.uasset" 710
"../../../MyProject4_FixA/Content/Objects/Closet1_Part3_RightSide.uasset" 711
"../../../MyProject4_FixA/Content/Blueprints/Closet_1.uasset" 712
"../../../MyProject4_FixA/Content/Blueprints/Closet_1_Split.uasset" 713
"../../../MyProject4_FixA/Content/Textures/Backwall1.uasset" 714
"../../../MyProject4_FixA/Content/Textures/Backwall1_Normal.uasset" 715
"../../../MyProject4_FixA/Content/Materials/Backwall1.uasset" 716
"../../../MyProject4_FixA/Content/Materials/Backwall1_Inst.uasset" 717
"../../../MyProject4_FixA/Content/Textures/Wood2_GreyBrown.uasset" 718
"../../../MyProject4_FixA/Content/Materials/Wood2_BrownGrey.uasset" 719
"../../../MyProject4_FixA/Content/Materials/Wood2_BrownGrey_Inst2.uasset" 720
"../../../MyProject4_FixA/Content/Materials/Wood4_Sepia_Inst.uasset" 721
"../../../MyProject4_FixA/Content/Objects/Door1.uasset" 722
"../../../MyProject4_FixA/Content/Objects/WallDecoration1.uasset" 723
"../../../MyProject4_FixA/Content/Objects/WallDecoration3.uasset" 724
"../../../MyProject4_FixA/Content/Blueprints/Doorframe1.uasset" 725
"../../../MyProject4_FixA/Content/Materials/Wood1_SepiaBlue_Inst2.uasset" 726
"../../../MyProject4_FixA/Content/Materials/Wood4_LightOrange_Inst.uasset" 727
"../../../MyProject4_FixA/Content/Textures/Wood_Pane_Grey.uasset" 728
"../../../MyProject4_FixA/Content/Materials/Wood_Pane_Grey.uasset" 729
"../../../MyProject4_FixA/Content/Materials/Wood_Pane_Grey_Inst3.uasset" 730
"../../../MyProject4_FixA/Content/Objects/Komode1.uasset" 731
"../../../MyProject4_FixA/Content/Objects/Komode1_Drawer1.uasset" 732
"../../../MyProject4_FixA/Content/Blueprints/Drawer1_BP.uasset" 733
"../../../MyProject4_FixA/Content/Materials/Brick1_Inst.uasset" 734
"../../../MyProject4_FixA/Content/Textures/Brick2.uasset" 735
"../../../MyProject4_FixA/Content/Materials/Brick2.uasset" 736
"../../../MyProject4_FixA/Content/Materials/Brick2_Inst.uasset" 737
"../../../MyProject4_FixA/Content/Objects/Fireplace1.uasset" 738
"../../../MyProject4_FixA/Content/Blueprints/Fireplace1_BP.uasset" 739
"../../../MyProject4_FixA/Content/Materials/CS_Tile_type_05_Inst5.uasset" 740
"../../../MyProject4_FixA/Content/Materials/Wood_Pane_Cyan_Inst4.uasset" 741
"../../../MyProject4_FixA/Content/Objects/Kitchen_Closet1.uasset" 742
"../../../MyProject4_FixA/Content/Objects/Kitchen_Closet1_FrameLeft1.uasset" 743
"../../../MyProject4_FixA/Content/Objects/Kitchen_Closet1_FrameRight1.uasset" 744
"../../../MyProject4_FixA/Content/Blueprints/Kitchen_Closet1_BP.uasset" 745
"../../../MyProject4_FixA/Content/Objects/Kitchen_Closet2.uasset" 746
"../../../MyProject4_FixA/Content/Blueprints/Kitchen_Closet2_BP.uasset" 747
"../../../MyProject4_FixA/Content/Materials/LightGlass1.uasset" 748
"../../../MyProject4_FixA/Content/Materials/LightGlass2.uasset" 749
"../../../MyProject4_FixA/Content/Objects/Light_Blob1.uasset" 750
"../../../MyProject4_FixA/Content/Blueprints/Light1_BP.uasset" 751
"../../../MyProject4_FixA/Content/Textures/Cartong1_Normal.uasset" 752
"../../../MyProject4_FixA/Content/Textures/Cartong1_UV.uasset" 753
"../../../MyProject4_FixA/Content/Materials/Milk1.uasset" 754
"../../../MyProject4_FixA/Content/Objects/Cartong1.uasset" 755
"../../../MyProject4_FixA/Content/Blueprints/Milk1.uasset" 756
"../../../MyProject4_FixA/Content/Objects/Plate1.uasset" 757
"../../../MyProject4_FixA/Content/Blueprints/Plate1.uasset" 758
"../../../MyProject4_FixA/Content/Materials/Glass2.uasset" 759
"../../../MyProject4_FixA/Content/Materials/Wood1_Cyan.uasset" 760
"../../../MyProject4_FixA/Content/Materials/Wood1_Cyan_Inst.uasset" 761
"../../../MyProject4_FixA/Content/Materials/Wood1_Light.uasset" 762
"../../../MyProject4_FixA/Content/Materials/Wood1_Light_Inst3.uasset" 763
"../../../MyProject4_FixA/Content/Materials/Wood1_LightRed_Inst3.uasset" 764
"../../../MyProject4_FixA/Content/Objects/Refrigerator1.uasset" 765
"../../../MyProject4_FixA/Content/Objects/Refrigerator1_Bot1.uasset" 766
"../../../MyProject4_FixA/Content/Objects/Refrigerator1_Top1.uasset" 767
"../../../MyProject4_FixA/Content/Blueprints/Refrigerator1_BP.uasset" 768
"../../../MyProject4_FixA/Content/Textures/Carpet5.uasset" 769
"../../../MyProject4_FixA/Content/Materials/Carpet5.uasset" 770
"../../../MyProject4_FixA/Content/Materials/Carpet5_Inst2.uasset" 771
"../../../MyProject4_FixA/Content/Materials/Wood1_Lime.uasset" 772
"../../../MyProject4_FixA/Content/Materials/Wood1_Lime_Inst.uasset" 773
"../../../MyProject4_FixA/Content/Materials/Wood1_Sepia_Inst.uasset" 774
"../../../MyProject4_FixA/Content/Objects/SitBox1.uasset" 775
"../../../MyProject4_FixA/Content/Blueprints/SitBox1_BP.uasset" 776
"../../../MyProject4_FixA/Content/Materials/Carpet2_Inst.uasset" 777
"../../../MyProject4_FixA/Content/Materials/Wood2_BrownGrey_Inst1.uasset" 778
"../../../MyProject4_FixA/Content/Objects/Sofa1.uasset" 779
"../../../MyProject4_FixA/Content/Blueprints/Sofa1_BP.uasset" 780
"../../../MyProject4_FixA/Content/Materials/Carpet3_Inst.uasset" 781
"../../../MyProject4_FixA/Content/Textures/Carpet4.uasset" 782
"../../../MyProject4_FixA/Content/Materials/Carpet4.uasset" 783
"../../../MyProject4_FixA/Content/Materials/Carpet4_Inst.uasset" 784
"../../../MyProject4_FixA/Content/Materials/Carpet5_Inst.uasset" 785
"../../../MyProject4_FixA/Content/Textures/Carpet6.uasset" 786
"../../../MyProject4_FixA/Content/Materials/Carpet6.uasset" 787
"../../../MyProject4_FixA/Content/Materials/Carpet6_Inst.uasset" 788
"../../../MyProject4_FixA/Content/Objects/StairStep1.uasset" 789
"../../../MyProject4_FixA/Content/Blueprints/StarStep1.uasset" 790
"../../../MyProject4_FixA/Content/Materials/Wood1_Light_Inst.uasset" 791
"../../../MyProject4_FixA/Content/Materials/Wood4_Sepia_Inst2.uasset" 792
"../../../MyProject4_FixA/Content/Objects/Support1.uasset" 793
"../../../MyProject4_FixA/Content/Blueprints/Support1.uasset" 794
"../../../MyProject4_FixA/Content/Objects/Support2.uasset" 795
"../../../MyProject4_FixA/Content/Blueprints/Support2.uasset" 796
"../../../MyProject4_FixA/Content/Objects/Table1.uasset" 797
"../../../MyProject4_FixA/Content/Blueprints/Table1_BP.uasset" 798
"../../../MyProject4_FixA/Content/Materials/Wood_Pane_Grey_Inst2.uasset" 799
"../../../MyProject4_FixA/Content/Textures/Wood_Pane_Lime.uasset" 800
"../../../MyProject4_FixA/Content/Materials/Wood_Pane_Lime.uasset" 801
"../../../MyProject4_FixA/Content/Materials/Wood_Pane_Lime_Inst3.uasset" 802
"../../../MyProject4_FixA/Content/Materials/Wood_Pane_Red_Inst3.uasset" 803
"../../../MyProject4_FixA/Content/Objects/Table2.uasset" 804
"../../../MyProject4_FixA/Content/Blueprints/Table2_BP.uasset" 805
"../../../MyProject4_FixA/Content/Materials/Brick1_Inst2.uasset" 806
"../../../MyProject4_FixA/Content/Materials/Wood4_LightBrown_Inst2.uasset" 807
"../../../MyProject4_FixA/Content/Textures/Wood4_White.uasset" 808
"../../../MyProject4_FixA/Content/Materials/Wood4_White.uasset" 809
"../../../MyProject4_FixA/Content/Materials/Wood4_White_Inst2.uasset" 810
"../../../MyProject4_FixA/Content/Objects/Wall1_Type1.uasset" 811
"../../../MyProject4_FixA/Content/Blueprints/Wall1_Type1.uasset" 812
"../../../MyProject4_FixA/Content/Objects/Wall1_Type2.uasset" 813
"../../../MyProject4_FixA/Content/Objects/WallDecoration2.uasset" 814
"../../../MyProject4_FixA/Content/Blueprints/Wall1_Type2.uasset" 815
"../../../MyProject4_FixA/Content/Objects/Wall1_Type4.uasset" 816
"../../../MyProject4_FixA/Content/Blueprints/Wall1_Type4.uasset" 817
"../../../MyProject4_FixA/Content/Objects/Wall1_Window1.uasset" 818
"../../../MyProject4_FixA/Content/Blueprints/Wall1_Window1.uasset" 819
"../../../MyProject4_FixA/Content/Materials/Backwall1_Inst4.uasset" 820
"../../../MyProject4_FixA/Content/Objects/White.uasset" 821
"../../../MyProject4_FixA/Content/Objects/Walls/Wall_Normal_01.uasset" 822
"../../../MyProject4_FixA/Content/Objects/Walls/Wall_Stub_X8_02.uasset" 823
"../../../MyProject4_FixA/Content/Blueprints/Walls/Wall1_Type1.uasset" 824
"../../../MyProject4_FixA/Content/Objects/Window1_Frame1.uasset" 825
"../../../MyProject4_FixA/Content/Blueprints/Window1_Frame1.uasset" 826
"../../../Engine/Content/EditorLandscapeResources/DataLayer.uasset" 827
"../../../MyProject4_FixA/Content/Maps/Level1_BuiltData.uasset" 828
"../../../MyProject4_FixA/Content/Materials/Brick2_Inst2.uasset" 829
"../../../MyProject4_FixA/Content/Materials/Carpet4_Inst2.uasset" 830
"../../../MyProject4_FixA/Content/Materials/Carpet6_Inst2.uasset" 831
"../../../MyProject4_FixA/Content/Materials/Ground1_Inst2.uasset" 832
"../../../MyProject4_FixA/Content/Materials/Wood4_LightBrown_Inst3.uasset" 833
"../../../MyProject4_FixA/Content/Materials/Wood4_White_Inst3.uasset" 834
"../../../Engine/Content/EngineMaterials/DefaultPhysicalMaterial.uasset" 835
"../../../MyProject4_FixA/Content/Maps/Level1.umap" 836
"../../../MyProject4_FixA/Content/Blueprints/Closet_1_Split2.uasset" 837
"../../../MyProject4_FixA/Content/Objects/Wall1_Type3.uasset" 838
"../../../MyProject4_FixA/Content/Blueprints/Wall1_Type3.uasset" 839
"../../../MyProject4_FixA/Content/Maps/Level2_BuiltData.uasset" 840
"../../../MyProject4_FixA/Content/Materials/Glass.uasset" 841
"../../../MyProject4_FixA/Content/Materials/Wood1_LightGreen.uasset" 842
"../../../MyProject4_FixA/Content/Materials/Wood1_Purple.uasset" 843
"../../../MyProject4_FixA/Content/Materials/Wood1_Red.uasset" 844
"../../../MyProject4_FixA/Content/Materials/Wood1_Yellow.uasset" 845
"../../../MyProject4_FixA/Content/Materials/Wood1_LightRed_Inst2.uasset" 846
"../../../MyProject4_FixA/Content/Objects/bottle1.uasset" 847
"../../../MyProject4_FixA/Content/Maps/Level2.umap" 848
"../../../MyProject4_FixA/Content/Objects/Furniture/Bed_02.uasset" 849
"../../../MyProject4_FixA/Content/Blueprints/Furniture/Bed_01.uasset" 850
"../../../MyProject4_FixA/Content/Objects/Furniture/Red.uasset" 851
"../../../MyProject4_FixA/Content/Objects/Furniture/Material.uasset" 852
"../../../MyProject4_FixA/Content/Objects/Furniture/Chair_Big_02.uasset" 853
"../../../MyProject4_FixA/Content/Blueprints/Furniture/Chair_Big_01.uasset" 854
"../../../MyProject4_FixA/Content/Blueprints/Furniture/Red.uasset" 855
"../../../MyProject4_FixA/Content/Blueprints/Furniture/White.uasset" 856
"../../../MyProject4_FixA/Content/Blueprints/Furniture/Chandelier_02.uasset" 857
"../../../MyProject4_FixA/Content/Blueprints/Furniture/Wwhite.uasset" 858
"../../../MyProject4_FixA/Content/Blueprints/Furniture/Light_Bulb_02.uasset" 859
"../../../MyProject4_FixA/Content/Blueprints/Furniture/Chandelie_01.uasset" 860
"../../../MyProject4_FixA/Content/Objects/Furniture/Blue.uasset" 861
"../../../MyProject4_FixA/Content/Objects/Furniture/Green.uasset" 862
"../../../MyProject4_FixA/Content/Objects/Furniture/Chair_Elegante_02.uasset" 863
"../../../MyProject4_FixA/Content/Blueprints/Furniture/Chari_Elegant_01.uasset" 864
"../../../MyProject4_FixA/Content/Materials/Wood_Pane_Brown_Inst3.uasset" 865
"../../../MyProject4_FixA/Content/Objects/Furniture/Chair_Sit_02.uasset" 866
"../../../MyProject4_FixA/Content/Blueprints/Furniture/Chari_Sit_01.uasset" 867
"../../../MyProject4_FixA/Content/Objects/Furniture/Lamp_Roof_02.uasset" 868
"../../../MyProject4_FixA/Content/Blueprints/Furniture/Lamp_Roof_01.uasset" 869
"../../../MyProject4_FixA/Content/Objects/Furniture/Table_Dinner_02.uasset" 870
"../../../MyProject4_FixA/Content/Blueprints/Furniture/Table_Dinner_01.uasset" 871
"../../../MyProject4_FixA/Content/Objects/Furniture/Komode_Small_02.uasset" 872
"../../../MyProject4_FixA/Content/Blueprints/Furniture/Table_Small_01.uasset" 873
"../../../MyProject4_FixA/Content/Objects/Walls/Black.uasset" 874
"../../../MyProject4_FixA/Content/Objects/Furniture/Black.uasset" 875
"../../../MyProject4_FixA/Content/Objects/Furniture/Toilet_02.uasset" 876
"../../../MyProject4_FixA/Content/Objects/Furniture/White_001.uasset" 877
"../../../MyProject4_FixA/Content/Objects/Furniture/Toilet_Plate_02.uasset" 878
"../../../MyProject4_FixA/Content/Blueprints/Furniture/Toilet_01.uasset" 879
"../../../MyProject4_FixA/Content/Blueprints/Skybox.uasset" 880
"../../../MyProject4_FixA/Content/Blueprints/Walls/Stubs.uasset" 881
"../../../MyProject4_FixA/Content/Objects/Walls/Wall_Half_02.uasset" 882
"../../../MyProject4_FixA/Content/Blueprints/Walls/Wall1_Half.uasset" 883
"../../../MyProject4_FixA/Content/Objects/Walls/Red.uasset" 884
"../../../MyProject4_FixA/Content/Objects/Walls/White.uasset" 885
"../../../MyProject4_FixA/Content/Objects/Walls/Wall_Normal_End_02.uasset" 886
"../../../MyProject4_FixA/Content/Objects/Walls/Wall_Stub_X1_02.uasset" 887
"../../../MyProject4_FixA/Content/Blueprints/Walls/Wall1_Type1_End.uasset" 888
"../../../MyProject4_FixA/Content/Objects/Walls/Wall_Normal_Opening_Bottom_02.uasset" 889
"../../../MyProject4_FixA/Content/Objects/Walls/Wall_Stub_X3_02.uasset" 890
"../../../MyProject4_FixA/Content/Blueprints/Walls/Wall1_Type1_Opening_Bottom.uasset" 891
"../../../MyProject4_FixA/Content/Objects/Walls/Door_Thick_02.uasset" 892
"../../../MyProject4_FixA/Content/Objects/Walls/Blue.uasset" 893
"../../../MyProject4_FixA/Content/Objects/Walls/Wall_Normal_Door_04.uasset" 894
"../../../MyProject4_FixA/Content/Blueprints/Walls/Wall1_Type1_Opening_Door_Wide_2Way.uasset" 895
"../../../MyProject4_FixA/Content/Objects/Walls/Wall_Normal_Double_Door_02.uasset" 896
"../../../MyProject4_FixA/Content/Objects/Walls/Wall_Stub_X7_02.uasset" 897
"../../../MyProject4_FixA/Content/Blueprints/Walls/Wall1_Type1_Opening_Double_Door_2Way2.uasset" 898
"../../../MyProject4_FixA/Content/Objects/Walls/Wall_Normal_Opening_Middle_02.uasset" 899
"../../../MyProject4_FixA/Content/Blueprints/Walls/Wall1_Type1_Opening_Middle.uasset" 900
"../../../MyProject4_FixA/Content/Objects/Walls/Wall_Normal_Opening_Top_02.uasset" 901
"../../../MyProject4_FixA/Content/Blueprints/Walls/Wall1_Type1_Opening_top.uasset" 902
"../../../MyProject4_FixA/Content/Objects/Walls/Wall_Normal_Short_02.uasset" 903
"../../../MyProject4_FixA/Content/Objects/Walls/Wall_Stub_X5_02.uasset" 904
"../../../MyProject4_FixA/Content/Blueprints/Walls/Wall1_Type1_Short.uasset" 905
"../../../MyProject4_FixA/Content/Objects/Walls/Wall_Normal_Window_02.uasset" 906
"../../../MyProject4_FixA/Content/Blueprints/Walls/Wall1_Type1_Window_01.uasset" 907
"../../../MyProject4_FixA/Content/Objects/Walls/Wall_Normal_Window_HighThick_02.uasset" 908
"../../../MyProject4_FixA/Content/Blueprints/Walls/Wall1_Type1_Window_02.uasset" 909
"../../../MyProject4_FixA/Content/Objects/Walls/Wood_Piece_02.uasset" 910
"../../../MyProject4_FixA/Content/Blueprints/Walls/Wood_Piece.uasset" 911
"../../../MyProject4_FixA/Content/Materials/Dirt_LayerInfo.uasset" 912
"../../../MyProject4_FixA/Content/Materials/Grass_LayerInfo.uasset" 913
"../../../MyProject4_FixA/Content/Materials/Rock_LayerInfo.uasset" 914
"../../../MyProject4_FixA/Content/Maps/Level3_BuiltData.uasset" 915
"../../../MyProject4_FixA/Content/Textures/Dirt_01.uasset" 916
"../../../MyProject4_FixA/Content/Textures/Dirt_Normal_01.uasset" 917
"../../../MyProject4_FixA/Content/Textures/Rock_01.uasset" 918
"../../../MyProject4_FixA/Content/Textures/Rock_Normal_01.uasset" 919
"../../../MyProject4_FixA/Content/Materials/LandScapeMat.uasset" 920
"../../../MyProject4_FixA/Content/Materials/LightGlass3.uasset" 921
"../../../MyProject4_FixA/Content/Textures/Marble_Pink.uasset" 922
"../../../MyProject4_FixA/Content/Materials/Marble_Pink.uasset" 923
"../../../MyProject4_FixA/Content/Materials/Backwall1_Inst2.uasset" 924
"../../../MyProject4_FixA/Content/Materials/Backwall1_Inst5.uasset" 925
"../../../MyProject4_FixA/Content/Materials/Brick1_Inst4.uasset" 926
"../../../MyProject4_FixA/Content/Materials/Brick2_Inst3.uasset" 927
"../../../MyProject4_FixA/Content/Materials/Brick_Dark_Brown_Inst2.uasset" 928
"../../../MyProject4_FixA/Content/Materials/Brick_Dark_Brown_Inst4.uasset" 929
"../../../MyProject4_FixA/Content/Materials/Carpet3_Inst2.uasset" 930
"../../../MyProject4_FixA/Content/Materials/Carpet4_Inst3.uasset" 931
"../../../MyProject4_FixA/Content/Materials/Carpet5_Inst3.uasset" 932
"../../../MyProject4_FixA/Content/Materials/Carpet6_Inst3.uasset" 933
"../../../MyProject4_FixA/Content/Materials/Chess_Tile_01_Inst.uasset" 934
"../../../MyProject4_FixA/Content/Textures/Chess_Tile_02.uasset" 935
"../../../MyProject4_FixA/Content/Materials/Chess_Tile_02.uasset" 936
"../../../MyProject4_FixA/Content/Materials/Chess_Tile_02_Inst.uasset" 937
"../../../MyProject4_FixA/Content/Textures/Chess_Tile_04.uasset" 938
"../../../MyProject4_FixA/Content/Materials/Chess_Tile_04.uasset" 939
"../../../MyProject4_FixA/Content/Materials/Chess_Tile_04_Inst.uasset" 940
"../../../MyProject4_FixA/Content/Textures/Chess_Tile_05.uasset" 941
"../../../MyProject4_FixA/Content/Materials/Chess_Tile_05.uasset" 942
"../../../MyProject4_FixA/Content/Materials/Chess_Tile_05_Inst.uasset" 943
"../../../MyProject4_FixA/Content/Textures/Chess_Tile_07.uasset" 944
"../../../MyProject4_FixA/Content/Materials/Chess_Tile_07.uasset" 945
"../../../MyProject4_FixA/Content/Materials/Chess_Tile_07_Inst.uasset" 946
"../../../MyProject4_FixA/Content/Materials/CS_Tile_type_01_Inst4.uasset" 947
"../../../MyProject4_FixA/Content/Materials/CS_Tile_type_02_Inst4.uasset" 948
"../../../MyProject4_FixA/Content/Materials/CS_Tile_type_04_Inst.uasset" 949
"../../../MyProject4_FixA/Content/Materials/CS_Tile_type_04_Inst2.uasset" 950
"../../../MyProject4_FixA/Content/Materials/CS_Tile_type_04_Inst3.uasset" 951
"../../../MyProject4_FixA/Content/Materials/CS_Tile_type_05_Inst4.uasset" 952
"../../../MyProject4_FixA/Content/Materials/CS_Tile_type_06_Inst4.uasset" 953
"../../../MyProject4_FixA/Content/Materials/Marble_Cyan_Inst2.uasset" 954
"../../../MyProject4_FixA/Content/Materials/Marble_Grey_Inst.uasset" 955
"../../../MyProject4_FixA/Content/Materials/Marble_Pink_Inst.uasset" 956
"../../../MyProject4_FixA/Content/Materials/Marble_Pink_Inst2.uasset" 957
"../../../MyProject4_FixA/Content/Materials/Marble_White_Inst.uasset" 958
"../../../MyProject4_FixA/Content/Materials/SS_Tile_Type_01_Inst.uasset" 959
"../../../MyProject4_FixA/Content/Materials/SS_Tile_Type_01_Inst2.uasset" 960
"../../../MyProject4_FixA/Content/Materials/SS_Tile_Type_01_Inst3.uasset" 961
"../../../MyProject4_FixA/Content/Materials/SS_Tile_Type_02_Inst.uasset" 962
"../../../MyProject4_FixA/Content/Materials/SS_Tile_Type_02_Inst3.uasset" 963
"../../../MyProject4_FixA/Content/Textures/SS_Tile_Type_04.uasset" 964
"../../../MyProject4_FixA/Content/Materials/SS_Tile_Type_04.uasset" 965
"../../../MyProject4_FixA/Content/Materials/SS_Tile_Type_04_Inst.uasset" 966
"../../../MyProject4_FixA/Content/Materials/SS_Tile_Type_04_Inst2.uasset" 967
"../../../MyProject4_FixA/Content/Materials/SS_Tile_Type_04_Inst3.uasset" 968
"../../../MyProject4_FixA/Content/Materials/SS_Tile_Type_04_Inst4.uasset" 969
"../../../MyProject4_FixA/Content/Materials/SS_Tile_Type_05_Inst.uasset" 970
"../../../MyProject4_FixA/Content/Materials/SS_Tile_Type_05_Inst2.uasset" 971
"../../../MyProject4_FixA/Content/Materials/SS_Tile_Type_05_Inst3.uasset" 972
"../../../MyProject4_FixA/Content/Materials/SS_Tile_Type_06_Inst.uasset" 973
"../../../MyProject4_FixA/Content/Materials/SS_Tile_Type_06_Inst2.uasset" 974
"../../../MyProject4_FixA/Content/Materials/SS_Tile_Type_06_Inst3.uasset" 975
"../../../MyProject4_FixA/Content/Materials/SS_Tile_Type_08_Inst3.uasset" 976
"../../../MyProject4_FixA/Content/Materials/SS_Tile_Type_08_Inst3_Inst.uasset" 977
"../../../MyProject4_FixA/Content/Materials/Wood1_Blue_Inst.uasset" 978
"../../../MyProject4_FixA/Content/Materials/Wood1_Cyan_Inst2.uasset" 979
"../../../MyProject4_FixA/Content/Materials/Wood1_Light_Inst2.uasset" 980
"../../../MyProject4_FixA/Content/Materials/Wood1_LightGreen_Inst.uasset" 981
"../../../MyProject4_FixA/Content/Materials/Wood1_LightRed_Inst4.uasset" 982
"../../../MyProject4_FixA/Content/Materials/Wood1_Pink.uasset" 983
"../../../MyProject4_FixA/Content/Materials/Wood1_Pink_Inst.uasset" 984
"../../../MyProject4_FixA/Content/Materials/Wood1_Pink_Inst2.uasset" 985
"../../../MyProject4_FixA/Content/Materials/Wood1_Purple_Inst.uasset" 986
"../../../MyProject4_FixA/Content/Materials/Wood1_Red_Inst.uasset" 987
"../../../MyProject4_FixA/Content/Materials/Wood1_Red_Inst2.uasset" 988
"../../../MyProject4_FixA/Content/Materials/Wood1_Sepia_Inst2.uasset" 989
"../../../MyProject4_FixA/Content/Materials/Wood1_SepiaBlue_Inst4.uasset" 990
"../../../MyProject4_FixA/Content/Materials/Wood1_Yellow_Inst.uasset" 991
"../../../MyProject4_FixA/Content/Materials/Wood4_LightOrange_Inst2.uasset" 992
"../../../MyProject4_FixA/Content/Materials/Wood4_LightOrange_Inst3.uasset" 993
"../../../MyProject4_FixA/Content/Materials/Wood4_LightOrange_Inst4.uasset" 994
"../../../MyProject4_FixA/Content/Materials/Wood4_Sepia_Inst3.uasset" 995
"../../../MyProject4_FixA/Content/Materials/Wood4_White_Inst.uasset" 996
"../../../MyProject4_FixA/Content/Textures/Wood_Pane_Blue.uasset" 997
"../../../MyProject4_FixA/Content/Materials/Wood_Pane_Blue.uasset" 998
"../../../MyProject4_FixA/Content/Materials/Wood_Pane_Blue_Inst.uasset" 999
"../../../MyProject4_FixA/Content/Materials/Wood_Pane_Blue_Inst2.uasset" 1000
"../../../MyProject4_FixA/Content/Materials/Wood_Pane_Blue_Inst3.uasset" 1001
"../../../MyProject4_FixA/Content/Materials/Wood_Pane_Brown_Inst.uasset" 1002
"../../../MyProject4_FixA/Content/Materials/Wood_Pane_Brown_Inst4.uasset" 1003
"../../../MyProject4_FixA/Content/Materials/Wood_Pane_Cyan_Inst.uasset" 1004
"../../../MyProject4_FixA/Content/Materials/Wood_Pane_Cyan_Inst3.uasset" 1005
"../../../MyProject4_FixA/Content/Materials/Wood_Pane_Grey_Inst.uasset" 1006
"../../../MyProject4_FixA/Content/Materials/Wood_Pane_Lime_Inst.uasset" 1007
"../../../MyProject4_FixA/Content/Materials/Wood_Pane_Lime_Inst2.uasset" 1008
"../../../MyProject4_FixA/Content/Materials/Wood_Pane_Lime_Inst4.uasset" 1009
"../../../MyProject4_FixA/Content/Materials/Wood_Pane_Red_Inst.uasset" 1010
"../../../MyProject4_FixA/Content/Materials/Wood_Pane_Red_Inst4.uasset" 1011
"../../../MyProject4_FixA/Content/Objects/Walls/Wall_Stub_X2_02.uasset" 1012
"../../../MyProject4_FixA/Content/Objects/Walls/Wall_Stub_X6_02.uasset" 1013
"../../../MyProject4_FixA/Content/StarterContent/HDRI/HDRI_Epic_Courtyard_Daylight.uasset" 1014
"../../../MyProject4_FixA/Content/Maps/Level3.umap" 1015
"../../../MyProject4_FixA/Content/Maps/Lobby_BuiltData.uasset" 1016
"../../../MyProject4_FixA/Content/Materials/Blue.uasset" 1017
"../../../MyProject4_FixA/Content/Materials/Backwall1_Inst3.uasset" 1018
"../../../Engine/Content/MapTemplates/SM_Template_Map_Floor.uasset" 1019
"../../../MyProject4_FixA/Content/Objects/Lobby_Pen_01.uasset" 1020
"../../../MyProject4_FixA/Content/Maps/Lobby.umap" 1021
"../../../MyProject4_FixA/Content/Objects/Walls/Wall_Normal_Door_03.uasset" 1022
"../../../MyProject4_FixA/Content/Blueprints/Walls/Wall1_Type1_Opening_Door_Thin.uasset" 1023
"../../../MyProject4_FixA/Content/Maps/MainMenu_BuiltData.uasset" 1024
"../../../MyProject4_FixA/Content/Materials/Wood1_SepiaBlue_Inst5.uasset" 1025
"../../../MyProject4_FixA/Content/Maps/MainMenu.umap" 1026
"../../../MyProject4_FixA/Content/Maps/TravelMap_BuiltData.uasset" 1027
"../../../MyProject4_FixA/Content/Maps/TravelMap.umap" 1028
"../../../MyProject4_FixA/Content/TestMap1.umap" 1029
"../../../Engine/Content/TemplateResources/MI_Template_BaseGray_02.uasset" 1030
"../../../Engine/Content/MapTemplates/Bokeh_5Sides.uasset" 1031
"../../../Engine/Content/MapTemplates/T_ScreenDirt02_w.uasset" 1032
"../../../MyProject4_FixA/Content/FirstPersonBP/Meshes/FirstPersonCube_Rounded.uasset" 1033
"../../../MyProject4_FixA/Content/FirstPersonBP/Maps/FirstPersonExampleMap.umap" 1034
"../../../MyProject4_FixA/Content/StarterContent/Blueprints/Assets/FogBrightnessLUT.uasset" 1035
"../../../MyProject4_FixA/Content/StarterContent/Blueprints/Assets/SunlightColorLUT.uasset" 1036
"../../../MyProject4_FixA/Content/StarterContent/Blueprints/Assets/M_LightStage_Arrows.uasset" 1037
"../../../Engine/Content/MapTemplates/Sky/DaylightAmbientCubemap.uasset" 1038
"../../../MyProject4_FixA/Content/StarterContent/Blueprints/Assets/M_LightStage_Skybox_Master.uasset" 1039
"../../../MyProject4_FixA/Content/StarterContent/Blueprints/Assets/M_LightStage_Skybox_Black.uasset" 1040
"../../../MyProject4_FixA/Content/StarterContent/Blueprints/Assets/M_LightStage_Skybox_HDRI.uasset" 1041
"../../../Engine/Content/EditorMaterials/Thumbnails/SkySphereMaterial.uasset" 1042
"../../../MyProject4_FixA/Content/StarterContent/Blueprints/Assets/Skybox.uasset" 1043
"../../../MyProject4_FixA/Content/StarterContent/Blueprints/Assets/SM_Arrows.uasset" 1044
"../../../MyProject4_FixA/Content/StarterContent/Blueprints/BP_LightStudio.uasset" 1045
"../../../MyProject4_FixA/Content/StarterContent/Materials/M_AssetPlatform.uasset" 1046
"../../../Engine/Content/EditorMeshes/ColorCalibrator/M_ChromeBall.uasset" 1047
"../../../Engine/Content/EditorMeshes/ColorCalibrator/M_ClearCoat.uasset" 1048
"../../../Engine/Content/EditorMeshes/ColorCalibrator/M_ClearCoatBlack.uasset" 1049
"../../../Engine/Content/EditorMeshes/ColorCalibrator/Color_checker.uasset" 1050
"../../../Engine/Content/EditorMeshes/ColorCalibrator/M_ColorGrid.uasset" 1051
"../../../Engine/Content/EditorMeshes/ColorCalibrator/M_GreyBall.uasset" 1052
"../../../Engine/Content/EditorMeshes/ColorCalibrator/SM_ColorCalibrator.uasset" 1053
"../../../MyProject4_FixA/Content/StarterContent/Architecture/SM_AssetPlatform.uasset" 1054
"../../../MyProject4_FixA/Content/StarterContent/Maps/Advanced_Lighting.umap" 1055
"../../../MyProject4_FixA/Content/StarterContent/Materials/M_Metal_Brushed_Nickel.uasset" 1056
"../../../MyProject4_FixA/Content/StarterContent/Textures/T_Metal_Aluminum_D.uasset" 1057
"../../../MyProject4_FixA/Content/StarterContent/Textures/T_Metal_Gold_N.uasset" 1058
"../../../MyProject4_FixA/Content/StarterContent/Materials/M_Metal_Burnished_Steel.uasset" 1059
"../../../MyProject4_FixA/Content/StarterContent/Textures/T_Metal_Copper_D.uasset" 1060
"../../../MyProject4_FixA/Content/StarterContent/Materials/M_Metal_Copper.uasset" 1061
"../../../MyProject4_FixA/Content/StarterContent/Textures/T_Statue_M.uasset" 1062
"../../../MyProject4_FixA/Content/StarterContent/Textures/T_Statue_N.uasset" 1063
"../../../MyProject4_FixA/Content/StarterContent/Props/Materials/M_StatueGlass.uasset" 1064
"../../../MyProject4_FixA/Content/StarterContent/Architecture/Floor_400x400.uasset" 1065
"../../../MyProject4_FixA/Content/StarterContent/Audio/Starter_Background_Cue.uasset" 1066
"../../../MyProject4_FixA/Content/StarterContent/Props/SM_Chair.uasset" 1067
"../../../MyProject4_FixA/Content/StarterContent/Props/Materials/M_Statue.uasset" 1068
"../../../MyProject4_FixA/Content/StarterContent/Props/SM_Statue.uasset" 1069
"../../../MyProject4_FixA/Content/StarterContent/Textures/T_TableRound_M.uasset" 1070
"../../../MyProject4_FixA/Content/StarterContent/Textures/T_TableRound_N.uasset" 1071
"../../../MyProject4_FixA/Content/StarterContent/Props/Materials/M_TableRound.uasset" 1072
"../../../MyProject4_FixA/Content/StarterContent/Props/SM_TableRound.uasset" 1073
"../../../MyProject4_FixA/Content/StarterContent/Maps/Minimal_Default.umap" 1074
"../../../MyProject4_FixA/Content/StarterContent/Audio/Fire01_Cue.uasset" 1075
"../../../MyProject4_FixA/Content/StarterContent/Textures/T_Fire_SubUV.uasset" 1076
"../../../MyProject4_FixA/Content/StarterContent/Textures/T_Fire_Tiled_D.uasset" 1077
"../../../MyProject4_FixA/Content/StarterContent/Particles/Materials/M_Fire_SubUV.uasset" 1078
"../../../MyProject4_FixA/Content/StarterContent/Textures/T_Water_N.uasset" 1079
"../../../MyProject4_FixA/Content/StarterContent/Particles/Materials/M_Heat_Distortion.uasset" 1080
"../../../MyProject4_FixA/Content/StarterContent/Particles/Materials/M_Radial_Gradient.uasset" 1081
"../../../MyProject4_FixA/Content/StarterContent/Particles/P_Fire.uasset" 1082
"../../../MyProject4_FixA/Content/StarterContent/Blueprints/Blueprint_Effect_Fire.uasset" 1083
"../../../MyProject4_FixA/Content/StarterContent/Audio/Smoke01_Cue.uasset" 1084
"../../../MyProject4_FixA/Content/StarterContent/Particles/P_Smoke.uasset" 1085
"../../../MyProject4_FixA/Content/StarterContent/Blueprints/Blueprint_Effect_Smoke.uasset" 1086
"../../../MyProject4_FixA/Content/StarterContent/Audio/Fire_Sparks01_Cue.uasset" 1087
"../../../MyProject4_FixA/Content/StarterContent/Textures/T_Spark_Core.uasset" 1088
"../../../MyProject4_FixA/Content/StarterContent/Particles/Materials/M_Spark.uasset" 1089
"../../../MyProject4_FixA/Content/StarterContent/Particles/P_Sparks.uasset" 1090
"../../../MyProject4_FixA/Content/StarterContent/Blueprints/Blueprint_Effect_Sparks.uasset" 1091
"../../../MyProject4_FixA/Content/StarterContent/Audio/Steam01_Cue.uasset" 1092
"../../../MyProject4_FixA/Content/StarterContent/Particles/P_Steam_Lit.uasset" 1093
"../../../MyProject4_FixA/Content/StarterContent/Blueprints/Blueprint_Effect_Steam.uasset" 1094
"../../../MyProject4_FixA/Content/StarterContent/Textures/T_Lamp_M.uasset" 1095
"../../../MyProject4_FixA/Content/StarterContent/Textures/T_Lamp_N.uasset" 1096
"../../../MyProject4_FixA/Content/StarterContent/Props/Materials/M_Lamp.uasset" 1097
"../../../MyProject4_FixA/Content/StarterContent/Props/SM_Lamp_Ceiling.uasset" 1098
"../../../MyProject4_FixA/Content/StarterContent/Blueprints/Blueprint_CeilingLight.uasset" 1099
"../../../MyProject4_FixA/Content/StarterContent/Props/SM_Lamp_Wall.uasset" 1100
"../../../MyProject4_FixA/Content/StarterContent/Blueprints/Blueprint_WallSconce.uasset" 1101
"../../../Engine/Content/Functions/Engine_MaterialFunctions03/Procedurals/ComputeFilterWidth.uasset" 1102
"../../../Engine/Content/EngineMaterials/AntiAliasedTextMaterialTranslucent.uasset" 1103
"../../../MyProject4_FixA/Content/StarterContent/Textures/T_Brick_Clay_Beveled_D.uasset" 1104
"../../../MyProject4_FixA/Content/StarterContent/Textures/T_Brick_Clay_Beveled_M.uasset" 1105
"../../../MyProject4_FixA/Content/StarterContent/Textures/T_Brick_Clay_Beveled_N.uasset" 1106
"../../../MyProject4_FixA/Content/StarterContent/Materials/M_Brick_Clay_Beveled.uasset" 1107
"../../../MyProject4_FixA/Content/StarterContent/Textures/T_Brick_Clay_New_D.uasset" 1108
"../../../MyProject4_FixA/Content/StarterContent/Textures/T_Brick_Clay_New_M.uasset" 1109
"../../../MyProject4_FixA/Content/StarterContent/Textures/T_Brick_Clay_New_N.uasset" 1110
"../../../MyProject4_FixA/Content/StarterContent/Materials/M_Brick_Clay_New.uasset" 1111
"../../../MyProject4_FixA/Content/StarterContent/Textures/T_Brick_Clay_Old_D.uasset" 1112
"../../../MyProject4_FixA/Content/StarterContent/Textures/T_Brick_Clay_Old_N.uasset" 1113
"../../../MyProject4_FixA/Content/StarterContent/Materials/M_Brick_Clay_Old.uasset" 1114
"../../../MyProject4_FixA/Content/StarterContent/Textures/T_Brick_Cut_Stone_D.uasset" 1115
"../../../MyProject4_FixA/Content/StarterContent/Textures/T_Brick_Cut_Stone_N.uasset" 1116
"../../../MyProject4_FixA/Content/StarterContent/Materials/M_Brick_Cut_Stone.uasset" 1117
"../../../MyProject4_FixA/Content/StarterContent/Textures/T_Brick_Hewn_Stone_D.uasset" 1118
"../../../MyProject4_FixA/Content/StarterContent/Textures/T_Brick_Hewn_Stone_M.uasset" 1119
"../../../MyProject4_FixA/Content/StarterContent/Textures/T_Brick_Hewn_Stone_N.uasset" 1120
"../../../MyProject4_FixA/Content/StarterContent/Materials/M_Brick_Hewn_Stone.uasset" 1121
"../../../MyProject4_FixA/Content/StarterContent/Textures/T_Ceramic_Tile_M.uasset" 1122
"../../../MyProject4_FixA/Content/StarterContent/Textures/T_Ceramic_Tile_N.uasset" 1123
"../../../MyProject4_FixA/Content/StarterContent/Textures/T_Rock_Marble_Polished_D.uasset" 1124
"../../../MyProject4_FixA/Content/StarterContent/Materials/M_Ceramic_Tile_Checker.uasset" 1125
"../../../MyProject4_FixA/Content/StarterContent/Textures/T_CobbleStone_Pebble_D.uasset" 1126
"../../../MyProject4_FixA/Content/StarterContent/Textures/T_CobbleStone_Pebble_M.uasset" 1127
"../../../MyProject4_FixA/Content/StarterContent/Textures/T_CobbleStone_Pebble_N.uasset" 1128
"../../../MyProject4_FixA/Content/StarterContent/Materials/M_CobbleStone_Pebble.uasset" 1129
"../../../MyProject4_FixA/Content/StarterContent/Textures/T_CobbleStone_Rough_D.uasset" 1130
"../../../MyProject4_FixA/Content/StarterContent/Textures/T_CobbleStone_Rough_N.uasset" 1131
"../../../MyProject4_FixA/Content/StarterContent/Textures/T_Gradinet_01.uasset" 1132
"../../../MyProject4_FixA/Content/StarterContent/Textures/T_Rock_Smooth_Granite_D.uasset" 1133
"../../../MyProject4_FixA/Content/StarterContent/Materials/M_CobbleStone_Rough.uasset" 1134
"../../../MyProject4_FixA/Content/StarterContent/Textures/T_CobbleStone_Smooth_D.uasset" 1135
"../../../MyProject4_FixA/Content/StarterContent/Textures/T_CobbleStone_Smooth_M.uasset" 1136
"../../../MyProject4_FixA/Content/StarterContent/Textures/T_CobbleStone_Smooth_N.uasset" 1137
"../../../MyProject4_FixA/Content/StarterContent/Materials/M_CobbleStone_Smooth.uasset" 1138
"../../../MyProject4_FixA/Content/StarterContent/Textures/T_Concrete_Grime_D.uasset" 1139
"../../../MyProject4_FixA/Content/StarterContent/Textures/T_Metal_Rust_N.uasset" 1140
"../../../MyProject4_FixA/Content/StarterContent/Materials/M_Concrete_Grime.uasset" 1141
"../../../MyProject4_FixA/Content/StarterContent/Textures/T_Concrete_Panels_D.uasset" 1142
"../../../MyProject4_FixA/Content/StarterContent/Textures/T_Concrete_Panels_N.uasset" 1143
"../../../MyProject4_FixA/Content/StarterContent/Materials/M_Concrete_Panels.uasset" 1144
"../../../MyProject4_FixA/Content/StarterContent/Textures/T_Concrete_Poured_D.uasset" 1145
"../../../MyProject4_FixA/Content/StarterContent/Textures/T_Concrete_Poured_N.uasset" 1146
"../../../MyProject4_FixA/Content/StarterContent/Materials/M_Concrete_Poured.uasset" 1147
"../../../MyProject4_FixA/Content/StarterContent/Textures/T_Concrete_Tiles_D.uasset" 1148
"../../../MyProject4_FixA/Content/StarterContent/Textures/T_Concrete_Tiles_M.uasset" 1149
"../../../MyProject4_FixA/Content/StarterContent/Textures/T_Concrete_Tiles_N.uasset" 1150
"../../../MyProject4_FixA/Content/StarterContent/Textures/T_Concrete_Tiles_Variation_M.uasset" 1151
"../../../MyProject4_FixA/Content/StarterContent/Materials/M_Concrete_Tiles.uasset" 1152
"../../../MyProject4_FixA/Content/StarterContent/Textures/T_Ground_Grass_D.uasset" 1153
"../../../MyProject4_FixA/Content/StarterContent/Textures/T_Ground_Grass_N.uasset" 1154
"../../../MyProject4_FixA/Content/StarterContent/Materials/M_Ground_Grass.uasset" 1155
"../../../MyProject4_FixA/Content/StarterContent/Textures/T_Ground_Gravel_D.uasset" 1156
"../../../MyProject4_FixA/Content/StarterContent/Textures/T_Ground_Gravel_N.uasset" 1157
"../../../MyProject4_FixA/Content/StarterContent/Materials/M_Ground_Gravel.uasset" 1158
"../../../MyProject4_FixA/Content/StarterContent/Textures/T_ground_Moss_D.uasset" 1159
"../../../MyProject4_FixA/Content/StarterContent/Textures/T_Ground_Moss_N.uasset" 1160
"../../../MyProject4_FixA/Content/StarterContent/Materials/M_Ground_Moss.uasset" 1161
"../../../MyProject4_FixA/Content/StarterContent/Materials/M_Metal_Chrome.uasset" 1162
"../../../MyProject4_FixA/Content/StarterContent/Textures/T_Metal_Gold_D.uasset" 1163
"../../../MyProject4_FixA/Content/StarterContent/Materials/M_Metal_Gold.uasset" 1164
"../../../MyProject4_FixA/Content/StarterContent/Textures/T_Metal_Rust_D.uasset" 1165
"../../../MyProject4_FixA/Content/StarterContent/Materials/M_Metal_Rust.uasset" 1166
"../../../MyProject4_FixA/Content/StarterContent/Textures/T_Metal_Steel_D.uasset" 1167
"../../../MyProject4_FixA/Content/StarterContent/Textures/T_Metal_Steel_N.uasset" 1168
"../../../MyProject4_FixA/Content/StarterContent/Materials/M_Metal_Steel.uasset" 1169
"../../../MyProject4_FixA/Content/StarterContent/Textures/T_Rock_Basalt_N.uasset" 1170
"../../../MyProject4_FixA/Content/StarterContent/Materials/M_Rock_Basalt.uasset" 1171
"../../../MyProject4_FixA/Content/StarterContent/Materials/M_Rock_Marble_Polished.uasset" 1172
"../../../MyProject4_FixA/Content/StarterContent/Textures/T_Rock_Sandstone_D.uasset" 1173
"../../../MyProject4_FixA/Content/StarterContent/Textures/T_Rock_Sandstone_N.uasset" 1174
"../../../MyProject4_FixA/Content/StarterContent/Materials/M_Rock_Sandstone.uasset" 1175
"../../../MyProject4_FixA/Content/StarterContent/Textures/T_Rock_Slate_D.uasset" 1176
"../../../MyProject4_FixA/Content/StarterContent/Textures/T_Rock_Slate_N.uasset" 1177
"../../../MyProject4_FixA/Content/StarterContent/Materials/M_Rock_Slate.uasset" 1178
"../../../MyProject4_FixA/Content/StarterContent/Textures/T_Checker_Noise_M.uasset" 1179
"../../../MyProject4_FixA/Content/StarterContent/Textures/T_Single_Tile_N.uasset" 1180
"../../../MyProject4_FixA/Content/StarterContent/Textures/T_Tech_Dot_M.uasset" 1181
"../../../MyProject4_FixA/Content/StarterContent/Textures/T_Tech_Dot_N.uasset" 1182
"../../../MyProject4_FixA/Content/StarterContent/Materials/M_Tech_Checker_Dot.uasset" 1183
"../../../MyProject4_FixA/Content/StarterContent/Textures/T_Tech_Hex_Tile_M.uasset" 1184
"../../../MyProject4_FixA/Content/StarterContent/Textures/T_Tech_Hex_Tile_N.uasset" 1185
"../../../MyProject4_FixA/Content/StarterContent/Materials/M_Tech_Hex_Tile.uasset" 1186
"../../../MyProject4_FixA/Content/StarterContent/Materials/M_Tech_Hex_Tile_Pulse.uasset" 1187
"../../../MyProject4_FixA/Content/StarterContent/Textures/T_Tech_Panel_M.uasset" 1188
"../../../MyProject4_FixA/Content/StarterContent/Textures/T_Tech_Panel_N.uasset" 1189
"../../../MyProject4_FixA/Content/StarterContent/Materials/M_Tech_Panel.uasset" 1190
"../../../MyProject4_FixA/Content/StarterContent/Materials/M_Water_Lake.uasset" 1191
"../../../MyProject4_FixA/Content/StarterContent/Textures/T_Water_M.uasset" 1192
"../../../MyProject4_FixA/Content/StarterContent/Materials/M_Water_Ocean.uasset" 1193
"../../../Engine/Content/Functions/Engine_MaterialFunctions01/Opacity/AlphaOffset.uasset" 1194
"../../../MyProject4_FixA/Content/StarterContent/Materials/M_Wood_Floor_Walnut_Worn.uasset" 1195
"../../../MyProject4_FixA/Content/StarterContent/Textures/T_Wood_Oak_D.uasset" 1196
"../../../MyProject4_FixA/Content/StarterContent/Textures/T_Wood_Oak_N.uasset" 1197
"../../../MyProject4_FixA/Content/StarterContent/Materials/M_Wood_Oak.uasset" 1198
"../../../MyProject4_FixA/Content/StarterContent/Textures/T_Wood_Pine_D.uasset" 1199
"../../../MyProject4_FixA/Content/StarterContent/Textures/T_Wood_Pine_N.uasset" 1200
"../../../MyProject4_FixA/Content/StarterContent/Materials/M_Wood_Pine.uasset" 1201
"../../../MyProject4_FixA/Content/StarterContent/Architecture/Wall_400x200.uasset" 1202
"../../../MyProject4_FixA/Content/StarterContent/Architecture/Wall_Door_400x300.uasset" 1203
"../../../MyProject4_FixA/Content/StarterContent/Architecture/Wall_Window_400x300.uasset" 1204
"../../../MyProject4_FixA/Content/StarterContent/Audio/Collapse_Cue.uasset" 1205
"../../../MyProject4_FixA/Content/StarterContent/Audio/Starter_Music_Cue.uasset" 1206
"../../../MyProject4_FixA/Content/StarterContent/Textures/T_Dust_Particle_D.uasset" 1207
"../../../MyProject4_FixA/Content/StarterContent/Particles/Materials/M_Dust_Particle.uasset" 1208
"../../../MyProject4_FixA/Content/StarterContent/Particles/P_Ambient_Dust.uasset" 1209
"../../../MyProject4_FixA/Content/StarterContent/Props/MaterialSphere.uasset" 1210
"../../../MyProject4_FixA/Content/StarterContent/Textures/T_Frame_M.uasset" 1211
"../../../MyProject4_FixA/Content/StarterContent/Textures/T_Frame_N.uasset" 1212
"../../../MyProject4_FixA/Content/StarterContent/Props/Materials/M_Frame.uasset" 1213
"../../../MyProject4_FixA/Content/StarterContent/Props/SM_CornerFrame.uasset" 1214
"../../../MyProject4_FixA/Content/StarterContent/Props/SM_DoorFrame.uasset" 1215
"../../../MyProject4_FixA/Content/StarterContent/Props/SM_GlassWindow.uasset" 1216
"../../../MyProject4_FixA/Content/StarterContent/Props/SM_PillarFrame.uasset" 1217
"../../../MyProject4_FixA/Content/StarterContent/Props/SM_PillarFrame300.uasset" 1218
"../../../MyProject4_FixA/Content/StarterContent/Props/SM_WindowFrame.uasset" 1219
"../../../MyProject4_FixA/Content/StarterContent/Shapes/Shape_Cube.uasset" 1220
"../../../MyProject4_FixA/Content/StarterContent/Shapes/Shape_QuadPyramid.uasset" 1221
"../../../MyProject4_FixA/Content/StarterContent/Shapes/Shape_Sphere.uasset" 1222
"../../../MyProject4_FixA/Content/StarterContent/Maps/StarterMap.umap" 1223
"../../../Engine/Content/Maps/Entry.umap" 1224
